sqrt (         0) =          0             0 <=          0 <          1
sqrt (         1) =          1             1 <=          1 <          4
sqrt (         2) =          1             1 <=          2 <          4
sqrt (         3) =          1             1 <=          3 <          4
sqrt (         4) =          2             4 <=          4 <          9
sqrt (         5) =          2             4 <=          5 <          9
sqrt (         6) =          2             4 <=          6 <          9
sqrt (         7) =          2             4 <=          7 <          9
sqrt (         8) =          2             4 <=          8 <          9
sqrt (         9) =          3             9 <=          9 <         16
sqrt (        10) =          3             9 <=         10 <         16
sqrt (        11) =          3             9 <=         11 <         16
sqrt (        12) =          3             9 <=         12 <         16
sqrt (        13) =          3             9 <=         13 <         16
sqrt (        14) =          3             9 <=         14 <         16
sqrt (        15) =          3             9 <=         15 <         16
sqrt (        16) =          4            16 <=         16 <         25
sqrt (        17) =          4            16 <=         17 <         25
sqrt (        18) =          4            16 <=         18 <         25
sqrt (        19) =          4            16 <=         19 <         25
sqrt (        20) =          4            16 <=         20 <         25
sqrt (        21) =          4            16 <=         21 <         25
sqrt (        22) =          4            16 <=         22 <         25
sqrt (        23) =          4            16 <=         23 <         25
sqrt (        24) =          4            16 <=         24 <         25
sqrt (        25) =          5            25 <=         25 <         36
sqrt (        26) =          5            25 <=         26 <         36
sqrt (        27) =          5            25 <=         27 <         36
sqrt (        28) =          5            25 <=         28 <         36
sqrt (        29) =          5            25 <=         29 <         36
sqrt (        30) =          5            25 <=         30 <         36
sqrt (        31) =          5            25 <=         31 <         36
sqrt (        32) =          5            25 <=         32 <         36
sqrt (        33) =          5            25 <=         33 <         36
sqrt (        34) =          5            25 <=         34 <         36
sqrt (        35) =          5            25 <=         35 <         36
sqrt (        36) =          6            36 <=         36 <         49
sqrt (        37) =          6            36 <=         37 <         49
sqrt (        38) =          6            36 <=         38 <         49
sqrt (        39) =          6            36 <=         39 <         49
sqrt (        40) =          6            36 <=         40 <         49
sqrt (        41) =          6            36 <=         41 <         49
sqrt (        42) =          6            36 <=         42 <         49
sqrt (        43) =          6            36 <=         43 <         49
sqrt (        44) =          6            36 <=         44 <         49
sqrt (        45) =          6            36 <=         45 <         49
sqrt (        46) =          6            36 <=         46 <         49
sqrt (        47) =          6            36 <=         47 <         49
sqrt (        48) =          6            36 <=         48 <         49
sqrt (        49) =          7            49 <=         49 <         64
sqrt (        50) =          7            49 <=         50 <         64
sqrt (        51) =          7            49 <=         51 <         64
sqrt (        52) =          7            49 <=         52 <         64
sqrt (        53) =          7            49 <=         53 <         64
sqrt (        54) =          7            49 <=         54 <         64
sqrt (        55) =          7            49 <=         55 <         64
sqrt (        56) =          7            49 <=         56 <         64
sqrt (        57) =          7            49 <=         57 <         64
sqrt (        58) =          7            49 <=         58 <         64
sqrt (        59) =          7            49 <=         59 <         64
sqrt (        60) =          7            49 <=         60 <         64
sqrt (        61) =          7            49 <=         61 <         64
sqrt (        62) =          7            49 <=         62 <         64
sqrt (        63) =          7            49 <=         63 <         64
sqrt (        64) =          8            64 <=         64 <         81
sqrt (        65) =          8            64 <=         65 <         81
sqrt (        66) =          8            64 <=         66 <         81
sqrt (        67) =          8            64 <=         67 <         81
sqrt (        68) =          8            64 <=         68 <         81
sqrt (        69) =          8            64 <=         69 <         81
sqrt (        70) =          8            64 <=         70 <         81
sqrt (        71) =          8            64 <=         71 <         81
sqrt (        72) =          8            64 <=         72 <         81
sqrt (        73) =          8            64 <=         73 <         81
sqrt (        74) =          8            64 <=         74 <         81
sqrt (        75) =          8            64 <=         75 <         81
sqrt (        76) =          8            64 <=         76 <         81
sqrt (        77) =          8            64 <=         77 <         81
sqrt (        78) =          8            64 <=         78 <         81
sqrt (        79) =          8            64 <=         79 <         81
sqrt (        80) =          8            64 <=         80 <         81
sqrt (        81) =          9            81 <=         81 <        100
sqrt (        82) =          9            81 <=         82 <        100
sqrt (        83) =          9            81 <=         83 <        100
sqrt (        84) =          9            81 <=         84 <        100
sqrt (        85) =          9            81 <=         85 <        100
sqrt (        86) =          9            81 <=         86 <        100
sqrt (        87) =          9            81 <=         87 <        100
sqrt (        88) =          9            81 <=         88 <        100
sqrt (        89) =          9            81 <=         89 <        100
sqrt (        90) =          9            81 <=         90 <        100
sqrt (        91) =          9            81 <=         91 <        100
sqrt (        92) =          9            81 <=         92 <        100
sqrt (        93) =          9            81 <=         93 <        100
sqrt (        94) =          9            81 <=         94 <        100
sqrt (        95) =          9            81 <=         95 <        100
sqrt (        96) =          9            81 <=         96 <        100
sqrt (        97) =          9            81 <=         97 <        100
sqrt (        98) =          9            81 <=         98 <        100
sqrt (        99) =          9            81 <=         99 <        100
sqrt (       100) =         10           100 <=        100 <        121
sqrt (       101) =         10           100 <=        101 <        121
sqrt (       102) =         10           100 <=        102 <        121
sqrt (       103) =         10           100 <=        103 <        121
sqrt (       104) =         10           100 <=        104 <        121
sqrt (       105) =         10           100 <=        105 <        121
sqrt (       106) =         10           100 <=        106 <        121
sqrt (       107) =         10           100 <=        107 <        121
sqrt (       108) =         10           100 <=        108 <        121
sqrt (       109) =         10           100 <=        109 <        121
sqrt (       110) =         10           100 <=        110 <        121
sqrt (       111) =         10           100 <=        111 <        121
sqrt (       112) =         10           100 <=        112 <        121
sqrt (       113) =         10           100 <=        113 <        121
sqrt (       114) =         10           100 <=        114 <        121
sqrt (       115) =         10           100 <=        115 <        121
sqrt (       116) =         10           100 <=        116 <        121
sqrt (       117) =         10           100 <=        117 <        121
sqrt (       118) =         10           100 <=        118 <        121
sqrt (       119) =         10           100 <=        119 <        121
sqrt (       120) =         10           100 <=        120 <        121
sqrt (       121) =         11           121 <=        121 <        144
sqrt (       122) =         11           121 <=        122 <        144
sqrt (       123) =         11           121 <=        123 <        144
sqrt (       124) =         11           121 <=        124 <        144
sqrt (       125) =         11           121 <=        125 <        144
sqrt (       126) =         11           121 <=        126 <        144
sqrt (       127) =         11           121 <=        127 <        144
sqrt (       128) =         11           121 <=        128 <        144
sqrt (       129) =         11           121 <=        129 <        144
sqrt (       130) =         11           121 <=        130 <        144
sqrt (       131) =         11           121 <=        131 <        144
sqrt (       132) =         11           121 <=        132 <        144
sqrt (       133) =         11           121 <=        133 <        144
sqrt (       134) =         11           121 <=        134 <        144
sqrt (       135) =         11           121 <=        135 <        144
sqrt (       136) =         11           121 <=        136 <        144
sqrt (       137) =         11           121 <=        137 <        144
sqrt (       138) =         11           121 <=        138 <        144
sqrt (       139) =         11           121 <=        139 <        144
sqrt (       140) =         11           121 <=        140 <        144
sqrt (       141) =         11           121 <=        141 <        144
sqrt (       142) =         11           121 <=        142 <        144
sqrt (       143) =         11           121 <=        143 <        144
sqrt (       144) =         12           144 <=        144 <        169
sqrt (       145) =         12           144 <=        145 <        169
sqrt (       146) =         12           144 <=        146 <        169
sqrt (       147) =         12           144 <=        147 <        169
sqrt (       148) =         12           144 <=        148 <        169
sqrt (       149) =         12           144 <=        149 <        169
sqrt (       150) =         12           144 <=        150 <        169
sqrt (       151) =         12           144 <=        151 <        169
sqrt (       152) =         12           144 <=        152 <        169
sqrt (       153) =         12           144 <=        153 <        169
sqrt (       154) =         12           144 <=        154 <        169
sqrt (       155) =         12           144 <=        155 <        169
sqrt (       156) =         12           144 <=        156 <        169
sqrt (       157) =         12           144 <=        157 <        169
sqrt (       158) =         12           144 <=        158 <        169
sqrt (       159) =         12           144 <=        159 <        169
sqrt (       160) =         12           144 <=        160 <        169
sqrt (       161) =         12           144 <=        161 <        169
sqrt (       162) =         12           144 <=        162 <        169
sqrt (       163) =         12           144 <=        163 <        169
sqrt (       164) =         12           144 <=        164 <        169
sqrt (       165) =         12           144 <=        165 <        169
sqrt (       166) =         12           144 <=        166 <        169
sqrt (       167) =         12           144 <=        167 <        169
sqrt (       168) =         12           144 <=        168 <        169
sqrt (       169) =         13           169 <=        169 <        196
sqrt (       170) =         13           169 <=        170 <        196
sqrt (       171) =         13           169 <=        171 <        196
sqrt (       172) =         13           169 <=        172 <        196
sqrt (       173) =         13           169 <=        173 <        196
sqrt (       174) =         13           169 <=        174 <        196
sqrt (       175) =         13           169 <=        175 <        196
sqrt (       176) =         13           169 <=        176 <        196
sqrt (       177) =         13           169 <=        177 <        196
sqrt (       178) =         13           169 <=        178 <        196
sqrt (       179) =         13           169 <=        179 <        196
sqrt (       180) =         13           169 <=        180 <        196
sqrt (       181) =         13           169 <=        181 <        196
sqrt (       182) =         13           169 <=        182 <        196
sqrt (       183) =         13           169 <=        183 <        196
sqrt (       184) =         13           169 <=        184 <        196
sqrt (       185) =         13           169 <=        185 <        196
sqrt (       186) =         13           169 <=        186 <        196
sqrt (       187) =         13           169 <=        187 <        196
sqrt (       188) =         13           169 <=        188 <        196
sqrt (       189) =         13           169 <=        189 <        196
sqrt (       190) =         13           169 <=        190 <        196
sqrt (       191) =         13           169 <=        191 <        196
sqrt (       192) =         13           169 <=        192 <        196
sqrt (       193) =         13           169 <=        193 <        196
sqrt (       194) =         13           169 <=        194 <        196
sqrt (       195) =         13           169 <=        195 <        196
sqrt (       196) =         14           196 <=        196 <        225
sqrt (       197) =         14           196 <=        197 <        225
sqrt (       198) =         14           196 <=        198 <        225
sqrt (       199) =         14           196 <=        199 <        225
sqrt (       200) =         14           196 <=        200 <        225
sqrt (       201) =         14           196 <=        201 <        225
sqrt (       202) =         14           196 <=        202 <        225
sqrt (       203) =         14           196 <=        203 <        225
sqrt (       204) =         14           196 <=        204 <        225
sqrt (       205) =         14           196 <=        205 <        225
sqrt (       206) =         14           196 <=        206 <        225
sqrt (       207) =         14           196 <=        207 <        225
sqrt (       208) =         14           196 <=        208 <        225
sqrt (       209) =         14           196 <=        209 <        225
sqrt (       210) =         14           196 <=        210 <        225
sqrt (       211) =         14           196 <=        211 <        225
sqrt (       212) =         14           196 <=        212 <        225
sqrt (       213) =         14           196 <=        213 <        225
sqrt (       214) =         14           196 <=        214 <        225
sqrt (       215) =         14           196 <=        215 <        225
sqrt (       216) =         14           196 <=        216 <        225
sqrt (       217) =         14           196 <=        217 <        225
sqrt (       218) =         14           196 <=        218 <        225
sqrt (       219) =         14           196 <=        219 <        225
sqrt (       220) =         14           196 <=        220 <        225
sqrt (       221) =         14           196 <=        221 <        225
sqrt (       222) =         14           196 <=        222 <        225
sqrt (       223) =         14           196 <=        223 <        225
sqrt (       224) =         14           196 <=        224 <        225
sqrt (       225) =         15           225 <=        225 <        256
sqrt (       226) =         15           225 <=        226 <        256
sqrt (       227) =         15           225 <=        227 <        256
sqrt (       228) =         15           225 <=        228 <        256
sqrt (       229) =         15           225 <=        229 <        256
sqrt (       230) =         15           225 <=        230 <        256
sqrt (       231) =         15           225 <=        231 <        256
sqrt (       232) =         15           225 <=        232 <        256
sqrt (       233) =         15           225 <=        233 <        256
sqrt (       234) =         15           225 <=        234 <        256
sqrt (       235) =         15           225 <=        235 <        256
sqrt (       236) =         15           225 <=        236 <        256
sqrt (       237) =         15           225 <=        237 <        256
sqrt (       238) =         15           225 <=        238 <        256
sqrt (       239) =         15           225 <=        239 <        256
sqrt (       240) =         15           225 <=        240 <        256
sqrt (       241) =         15           225 <=        241 <        256
sqrt (       242) =         15           225 <=        242 <        256
sqrt (       243) =         15           225 <=        243 <        256
sqrt (       244) =         15           225 <=        244 <        256
sqrt (       245) =         15           225 <=        245 <        256
sqrt (       246) =         15           225 <=        246 <        256
sqrt (       247) =         15           225 <=        247 <        256
sqrt (       248) =         15           225 <=        248 <        256
sqrt (       249) =         15           225 <=        249 <        256
sqrt (       250) =         15           225 <=        250 <        256
sqrt (       251) =         15           225 <=        251 <        256
sqrt (       252) =         15           225 <=        252 <        256
sqrt (       253) =         15           225 <=        253 <        256
sqrt (       254) =         15           225 <=        254 <        256
sqrt (       255) =         15           225 <=        255 <        256
sqrt (4294967295) =      65535    4294836225 <= 4294967295 < 4294967296
sqrt (4294967294) =      65535    4294836225 <= 4294967294 < 4294967296
sqrt (4294967293) =      65535    4294836225 <= 4294967293 < 4294967296
sqrt (4294967292) =      65535    4294836225 <= 4294967292 < 4294967296
sqrt (4294967291) =      65535    4294836225 <= 4294967291 < 4294967296
sqrt (4294967290) =      65535    4294836225 <= 4294967290 < 4294967296
sqrt (4294967289) =      65535    4294836225 <= 4294967289 < 4294967296
sqrt (4294967288) =      65535    4294836225 <= 4294967288 < 4294967296
sqrt (4294967287) =      65535    4294836225 <= 4294967287 < 4294967296
sqrt (4294967286) =      65535    4294836225 <= 4294967286 < 4294967296
sqrt (4294967285) =      65535    4294836225 <= 4294967285 < 4294967296
sqrt (4294967284) =      65535    4294836225 <= 4294967284 < 4294967296
sqrt (4294967283) =      65535    4294836225 <= 4294967283 < 4294967296
sqrt (4294967282) =      65535    4294836225 <= 4294967282 < 4294967296
sqrt (4294967281) =      65535    4294836225 <= 4294967281 < 4294967296
sqrt (4294967280) =      65535    4294836225 <= 4294967280 < 4294967296
sqrt (4294967279) =      65535    4294836225 <= 4294967279 < 4294967296
sqrt (4294967278) =      65535    4294836225 <= 4294967278 < 4294967296
sqrt (4294967277) =      65535    4294836225 <= 4294967277 < 4294967296
sqrt (4294967276) =      65535    4294836225 <= 4294967276 < 4294967296
sqrt (4294967275) =      65535    4294836225 <= 4294967275 < 4294967296
sqrt (4294967274) =      65535    4294836225 <= 4294967274 < 4294967296
sqrt (4294967273) =      65535    4294836225 <= 4294967273 < 4294967296
sqrt (4294967272) =      65535    4294836225 <= 4294967272 < 4294967296
sqrt (4294967271) =      65535    4294836225 <= 4294967271 < 4294967296
sqrt (4294967270) =      65535    4294836225 <= 4294967270 < 4294967296
sqrt (4294967269) =      65535    4294836225 <= 4294967269 < 4294967296
sqrt (4294967268) =      65535    4294836225 <= 4294967268 < 4294967296
sqrt (4294967267) =      65535    4294836225 <= 4294967267 < 4294967296
sqrt (4294967266) =      65535    4294836225 <= 4294967266 < 4294967296
sqrt (4294967265) =      65535    4294836225 <= 4294967265 < 4294967296
sqrt (4294967264) =      65535    4294836225 <= 4294967264 < 4294967296
sqrt (4294967263) =      65535    4294836225 <= 4294967263 < 4294967296
sqrt (4294967262) =      65535    4294836225 <= 4294967262 < 4294967296
sqrt (4294967261) =      65535    4294836225 <= 4294967261 < 4294967296
sqrt (4294967260) =      65535    4294836225 <= 4294967260 < 4294967296
sqrt (4294967259) =      65535    4294836225 <= 4294967259 < 4294967296
sqrt (4294967258) =      65535    4294836225 <= 4294967258 < 4294967296
sqrt (4294967257) =      65535    4294836225 <= 4294967257 < 4294967296
sqrt (4294967256) =      65535    4294836225 <= 4294967256 < 4294967296
sqrt (4294967255) =      65535    4294836225 <= 4294967255 < 4294967296
sqrt (4294967254) =      65535    4294836225 <= 4294967254 < 4294967296
sqrt (4294967253) =      65535    4294836225 <= 4294967253 < 4294967296
sqrt (4294967252) =      65535    4294836225 <= 4294967252 < 4294967296
sqrt (4294967251) =      65535    4294836225 <= 4294967251 < 4294967296
sqrt (4294967250) =      65535    4294836225 <= 4294967250 < 4294967296
sqrt (4294967249) =      65535    4294836225 <= 4294967249 < 4294967296
sqrt (4294967248) =      65535    4294836225 <= 4294967248 < 4294967296
sqrt (4294967247) =      65535    4294836225 <= 4294967247 < 4294967296
sqrt (4294967246) =      65535    4294836225 <= 4294967246 < 4294967296
sqrt (4294967245) =      65535    4294836225 <= 4294967245 < 4294967296
sqrt (4294967244) =      65535    4294836225 <= 4294967244 < 4294967296
sqrt (4294967243) =      65535    4294836225 <= 4294967243 < 4294967296
sqrt (4294967242) =      65535    4294836225 <= 4294967242 < 4294967296
sqrt (4294967241) =      65535    4294836225 <= 4294967241 < 4294967296
sqrt (4294967240) =      65535    4294836225 <= 4294967240 < 4294967296
sqrt (4294967239) =      65535    4294836225 <= 4294967239 < 4294967296
sqrt (4294967238) =      65535    4294836225 <= 4294967238 < 4294967296
sqrt (4294967237) =      65535    4294836225 <= 4294967237 < 4294967296
sqrt (4294967236) =      65535    4294836225 <= 4294967236 < 4294967296
sqrt (4294967235) =      65535    4294836225 <= 4294967235 < 4294967296
sqrt (4294967234) =      65535    4294836225 <= 4294967234 < 4294967296
sqrt (4294967233) =      65535    4294836225 <= 4294967233 < 4294967296
sqrt (4294967232) =      65535    4294836225 <= 4294967232 < 4294967296
sqrt (4294967231) =      65535    4294836225 <= 4294967231 < 4294967296
sqrt (4294967230) =      65535    4294836225 <= 4294967230 < 4294967296
sqrt (4294967229) =      65535    4294836225 <= 4294967229 < 4294967296
sqrt (4294967228) =      65535    4294836225 <= 4294967228 < 4294967296
sqrt (4294967227) =      65535    4294836225 <= 4294967227 < 4294967296
sqrt (4294967226) =      65535    4294836225 <= 4294967226 < 4294967296
sqrt (4294967225) =      65535    4294836225 <= 4294967225 < 4294967296
sqrt (4294967224) =      65535    4294836225 <= 4294967224 < 4294967296
sqrt (4294967223) =      65535    4294836225 <= 4294967223 < 4294967296
sqrt (4294967222) =      65535    4294836225 <= 4294967222 < 4294967296
sqrt (4294967221) =      65535    4294836225 <= 4294967221 < 4294967296
sqrt (4294967220) =      65535    4294836225 <= 4294967220 < 4294967296
sqrt (4294967219) =      65535    4294836225 <= 4294967219 < 4294967296
sqrt (4294967218) =      65535    4294836225 <= 4294967218 < 4294967296
sqrt (4294967217) =      65535    4294836225 <= 4294967217 < 4294967296
sqrt (4294967216) =      65535    4294836225 <= 4294967216 < 4294967296
sqrt (4294967215) =      65535    4294836225 <= 4294967215 < 4294967296
sqrt (4294967214) =      65535    4294836225 <= 4294967214 < 4294967296
sqrt (4294967213) =      65535    4294836225 <= 4294967213 < 4294967296
sqrt (4294967212) =      65535    4294836225 <= 4294967212 < 4294967296
sqrt (4294967211) =      65535    4294836225 <= 4294967211 < 4294967296
sqrt (4294967210) =      65535    4294836225 <= 4294967210 < 4294967296
sqrt (4294967209) =      65535    4294836225 <= 4294967209 < 4294967296
sqrt (4294967208) =      65535    4294836225 <= 4294967208 < 4294967296
sqrt (4294967207) =      65535    4294836225 <= 4294967207 < 4294967296
sqrt (4294967206) =      65535    4294836225 <= 4294967206 < 4294967296
sqrt (4294967205) =      65535    4294836225 <= 4294967205 < 4294967296
sqrt (4294967204) =      65535    4294836225 <= 4294967204 < 4294967296
sqrt (4294967203) =      65535    4294836225 <= 4294967203 < 4294967296
sqrt (4294967202) =      65535    4294836225 <= 4294967202 < 4294967296
sqrt (4294967201) =      65535    4294836225 <= 4294967201 < 4294967296
sqrt (4294967200) =      65535    4294836225 <= 4294967200 < 4294967296
sqrt (4294967199) =      65535    4294836225 <= 4294967199 < 4294967296
sqrt (4294967198) =      65535    4294836225 <= 4294967198 < 4294967296
sqrt (4294967197) =      65535    4294836225 <= 4294967197 < 4294967296
sqrt (4294967196) =      65535    4294836225 <= 4294967196 < 4294967296
sqrt (4294967195) =      65535    4294836225 <= 4294967195 < 4294967296
sqrt (4294967194) =      65535    4294836225 <= 4294967194 < 4294967296
sqrt (4294967193) =      65535    4294836225 <= 4294967193 < 4294967296
sqrt (4294967192) =      65535    4294836225 <= 4294967192 < 4294967296
sqrt (4294967191) =      65535    4294836225 <= 4294967191 < 4294967296
sqrt (4294967190) =      65535    4294836225 <= 4294967190 < 4294967296
sqrt (4294967189) =      65535    4294836225 <= 4294967189 < 4294967296
sqrt (4294967188) =      65535    4294836225 <= 4294967188 < 4294967296
sqrt (4294967187) =      65535    4294836225 <= 4294967187 < 4294967296
sqrt (4294967186) =      65535    4294836225 <= 4294967186 < 4294967296
sqrt (4294967185) =      65535    4294836225 <= 4294967185 < 4294967296
sqrt (4294967184) =      65535    4294836225 <= 4294967184 < 4294967296
sqrt (4294967183) =      65535    4294836225 <= 4294967183 < 4294967296
sqrt (4294967182) =      65535    4294836225 <= 4294967182 < 4294967296
sqrt (4294967181) =      65535    4294836225 <= 4294967181 < 4294967296
sqrt (4294967180) =      65535    4294836225 <= 4294967180 < 4294967296
sqrt (4294967179) =      65535    4294836225 <= 4294967179 < 4294967296
sqrt (4294967178) =      65535    4294836225 <= 4294967178 < 4294967296
sqrt (4294967177) =      65535    4294836225 <= 4294967177 < 4294967296
sqrt (4294967176) =      65535    4294836225 <= 4294967176 < 4294967296
sqrt (4294967175) =      65535    4294836225 <= 4294967175 < 4294967296
sqrt (4294967174) =      65535    4294836225 <= 4294967174 < 4294967296
sqrt (4294967173) =      65535    4294836225 <= 4294967173 < 4294967296
sqrt (4294967172) =      65535    4294836225 <= 4294967172 < 4294967296
sqrt (4294967171) =      65535    4294836225 <= 4294967171 < 4294967296
sqrt (4294967170) =      65535    4294836225 <= 4294967170 < 4294967296
sqrt (4294967169) =      65535    4294836225 <= 4294967169 < 4294967296
sqrt (4294967168) =      65535    4294836225 <= 4294967168 < 4294967296
sqrt (4294967167) =      65535    4294836225 <= 4294967167 < 4294967296
sqrt (4294967166) =      65535    4294836225 <= 4294967166 < 4294967296
sqrt (4294967165) =      65535    4294836225 <= 4294967165 < 4294967296
sqrt (4294967164) =      65535    4294836225 <= 4294967164 < 4294967296
sqrt (4294967163) =      65535    4294836225 <= 4294967163 < 4294967296
sqrt (4294967162) =      65535    4294836225 <= 4294967162 < 4294967296
sqrt (4294967161) =      65535    4294836225 <= 4294967161 < 4294967296
sqrt (4294967160) =      65535    4294836225 <= 4294967160 < 4294967296
sqrt (4294967159) =      65535    4294836225 <= 4294967159 < 4294967296
sqrt (4294967158) =      65535    4294836225 <= 4294967158 < 4294967296
sqrt (4294967157) =      65535    4294836225 <= 4294967157 < 4294967296
sqrt (4294967156) =      65535    4294836225 <= 4294967156 < 4294967296
sqrt (4294967155) =      65535    4294836225 <= 4294967155 < 4294967296
sqrt (4294967154) =      65535    4294836225 <= 4294967154 < 4294967296
sqrt (4294967153) =      65535    4294836225 <= 4294967153 < 4294967296
sqrt (4294967152) =      65535    4294836225 <= 4294967152 < 4294967296
sqrt (4294967151) =      65535    4294836225 <= 4294967151 < 4294967296
sqrt (4294967150) =      65535    4294836225 <= 4294967150 < 4294967296
sqrt (4294967149) =      65535    4294836225 <= 4294967149 < 4294967296
sqrt (4294967148) =      65535    4294836225 <= 4294967148 < 4294967296
sqrt (4294967147) =      65535    4294836225 <= 4294967147 < 4294967296
sqrt (4294967146) =      65535    4294836225 <= 4294967146 < 4294967296
sqrt (4294967145) =      65535    4294836225 <= 4294967145 < 4294967296
sqrt (4294967144) =      65535    4294836225 <= 4294967144 < 4294967296
sqrt (4294967143) =      65535    4294836225 <= 4294967143 < 4294967296
sqrt (4294967142) =      65535    4294836225 <= 4294967142 < 4294967296
sqrt (4294967141) =      65535    4294836225 <= 4294967141 < 4294967296
sqrt (4294967140) =      65535    4294836225 <= 4294967140 < 4294967296
sqrt (4294967139) =      65535    4294836225 <= 4294967139 < 4294967296
sqrt (4294967138) =      65535    4294836225 <= 4294967138 < 4294967296
sqrt (4294967137) =      65535    4294836225 <= 4294967137 < 4294967296
sqrt (4294967136) =      65535    4294836225 <= 4294967136 < 4294967296
sqrt (4294967135) =      65535    4294836225 <= 4294967135 < 4294967296
sqrt (4294967134) =      65535    4294836225 <= 4294967134 < 4294967296
sqrt (4294967133) =      65535    4294836225 <= 4294967133 < 4294967296
sqrt (4294967132) =      65535    4294836225 <= 4294967132 < 4294967296
sqrt (4294967131) =      65535    4294836225 <= 4294967131 < 4294967296
sqrt (4294967130) =      65535    4294836225 <= 4294967130 < 4294967296
sqrt (4294967129) =      65535    4294836225 <= 4294967129 < 4294967296
sqrt (4294967128) =      65535    4294836225 <= 4294967128 < 4294967296
sqrt (4294967127) =      65535    4294836225 <= 4294967127 < 4294967296
sqrt (4294967126) =      65535    4294836225 <= 4294967126 < 4294967296
sqrt (4294967125) =      65535    4294836225 <= 4294967125 < 4294967296
sqrt (4294967124) =      65535    4294836225 <= 4294967124 < 4294967296
sqrt (4294967123) =      65535    4294836225 <= 4294967123 < 4294967296
sqrt (4294967122) =      65535    4294836225 <= 4294967122 < 4294967296
sqrt (4294967121) =      65535    4294836225 <= 4294967121 < 4294967296
sqrt (4294967120) =      65535    4294836225 <= 4294967120 < 4294967296
sqrt (4294967119) =      65535    4294836225 <= 4294967119 < 4294967296
sqrt (4294967118) =      65535    4294836225 <= 4294967118 < 4294967296
sqrt (4294967117) =      65535    4294836225 <= 4294967117 < 4294967296
sqrt (4294967116) =      65535    4294836225 <= 4294967116 < 4294967296
sqrt (4294967115) =      65535    4294836225 <= 4294967115 < 4294967296
sqrt (4294967114) =      65535    4294836225 <= 4294967114 < 4294967296
sqrt (4294967113) =      65535    4294836225 <= 4294967113 < 4294967296
sqrt (4294967112) =      65535    4294836225 <= 4294967112 < 4294967296
sqrt (4294967111) =      65535    4294836225 <= 4294967111 < 4294967296
sqrt (4294967110) =      65535    4294836225 <= 4294967110 < 4294967296
sqrt (4294967109) =      65535    4294836225 <= 4294967109 < 4294967296
sqrt (4294967108) =      65535    4294836225 <= 4294967108 < 4294967296
sqrt (4294967107) =      65535    4294836225 <= 4294967107 < 4294967296
sqrt (4294967106) =      65535    4294836225 <= 4294967106 < 4294967296
sqrt (4294967105) =      65535    4294836225 <= 4294967105 < 4294967296
sqrt (4294967104) =      65535    4294836225 <= 4294967104 < 4294967296
sqrt (4294967103) =      65535    4294836225 <= 4294967103 < 4294967296
sqrt (4294967102) =      65535    4294836225 <= 4294967102 < 4294967296
sqrt (4294967101) =      65535    4294836225 <= 4294967101 < 4294967296
sqrt (4294967100) =      65535    4294836225 <= 4294967100 < 4294967296
sqrt (4294967099) =      65535    4294836225 <= 4294967099 < 4294967296
sqrt (4294967098) =      65535    4294836225 <= 4294967098 < 4294967296
sqrt (4294967097) =      65535    4294836225 <= 4294967097 < 4294967296
sqrt (4294967096) =      65535    4294836225 <= 4294967096 < 4294967296
sqrt (4294967095) =      65535    4294836225 <= 4294967095 < 4294967296
sqrt (4294967094) =      65535    4294836225 <= 4294967094 < 4294967296
sqrt (4294967093) =      65535    4294836225 <= 4294967093 < 4294967296
sqrt (4294967092) =      65535    4294836225 <= 4294967092 < 4294967296
sqrt (4294967091) =      65535    4294836225 <= 4294967091 < 4294967296
sqrt (4294967090) =      65535    4294836225 <= 4294967090 < 4294967296
sqrt (4294967089) =      65535    4294836225 <= 4294967089 < 4294967296
sqrt (4294967088) =      65535    4294836225 <= 4294967088 < 4294967296
sqrt (4294967087) =      65535    4294836225 <= 4294967087 < 4294967296
sqrt (4294967086) =      65535    4294836225 <= 4294967086 < 4294967296
sqrt (4294967085) =      65535    4294836225 <= 4294967085 < 4294967296
sqrt (4294967084) =      65535    4294836225 <= 4294967084 < 4294967296
sqrt (4294967083) =      65535    4294836225 <= 4294967083 < 4294967296
sqrt (4294967082) =      65535    4294836225 <= 4294967082 < 4294967296
sqrt (4294967081) =      65535    4294836225 <= 4294967081 < 4294967296
sqrt (4294967080) =      65535    4294836225 <= 4294967080 < 4294967296
sqrt (4294967079) =      65535    4294836225 <= 4294967079 < 4294967296
sqrt (4294967078) =      65535    4294836225 <= 4294967078 < 4294967296
sqrt (4294967077) =      65535    4294836225 <= 4294967077 < 4294967296
sqrt (4294967076) =      65535    4294836225 <= 4294967076 < 4294967296
sqrt (4294967075) =      65535    4294836225 <= 4294967075 < 4294967296
sqrt (4294967074) =      65535    4294836225 <= 4294967074 < 4294967296
sqrt (4294967073) =      65535    4294836225 <= 4294967073 < 4294967296
sqrt (4294967072) =      65535    4294836225 <= 4294967072 < 4294967296
sqrt (4294967071) =      65535    4294836225 <= 4294967071 < 4294967296
sqrt (4294967070) =      65535    4294836225 <= 4294967070 < 4294967296
sqrt (4294967069) =      65535    4294836225 <= 4294967069 < 4294967296
sqrt (4294967068) =      65535    4294836225 <= 4294967068 < 4294967296
sqrt (4294967067) =      65535    4294836225 <= 4294967067 < 4294967296
sqrt (4294967066) =      65535    4294836225 <= 4294967066 < 4294967296
sqrt (4294967065) =      65535    4294836225 <= 4294967065 < 4294967296
sqrt (4294967064) =      65535    4294836225 <= 4294967064 < 4294967296
sqrt (4294967063) =      65535    4294836225 <= 4294967063 < 4294967296
sqrt (4294967062) =      65535    4294836225 <= 4294967062 < 4294967296
sqrt (4294967061) =      65535    4294836225 <= 4294967061 < 4294967296
sqrt (4294967060) =      65535    4294836225 <= 4294967060 < 4294967296
sqrt (4294967059) =      65535    4294836225 <= 4294967059 < 4294967296
sqrt (4294967058) =      65535    4294836225 <= 4294967058 < 4294967296
sqrt (4294967057) =      65535    4294836225 <= 4294967057 < 4294967296
sqrt (4294967056) =      65535    4294836225 <= 4294967056 < 4294967296
sqrt (4294967055) =      65535    4294836225 <= 4294967055 < 4294967296
sqrt (4294967054) =      65535    4294836225 <= 4294967054 < 4294967296
sqrt (4294967053) =      65535    4294836225 <= 4294967053 < 4294967296
sqrt (4294967052) =      65535    4294836225 <= 4294967052 < 4294967296
sqrt (4294967051) =      65535    4294836225 <= 4294967051 < 4294967296
sqrt (4294967050) =      65535    4294836225 <= 4294967050 < 4294967296
sqrt (4294967049) =      65535    4294836225 <= 4294967049 < 4294967296
sqrt (4294967048) =      65535    4294836225 <= 4294967048 < 4294967296
sqrt (4294967047) =      65535    4294836225 <= 4294967047 < 4294967296
sqrt (4294967046) =      65535    4294836225 <= 4294967046 < 4294967296
sqrt (4294967045) =      65535    4294836225 <= 4294967045 < 4294967296
sqrt (4294967044) =      65535    4294836225 <= 4294967044 < 4294967296
sqrt (4294967043) =      65535    4294836225 <= 4294967043 < 4294967296
sqrt (4294967042) =      65535    4294836225 <= 4294967042 < 4294967296
sqrt (4294967041) =      65535    4294836225 <= 4294967041 < 4294967296
sqrt (4294967040) =      65535    4294836225 <= 4294967040 < 4294967296
sqrt (        41) =          6            36 <=         41 <         49
sqrt (     18467) =        135         18225 <=      18467 <      18496
sqrt (      6334) =         79          6241 <=       6334 <       6400
sqrt (     26500) =        162         26244 <=      26500 <      26569
sqrt (     19169) =        138         19044 <=      19169 <      19321
sqrt (     15724) =        125         15625 <=      15724 <      15876
sqrt (     11478) =        107         11449 <=      11478 <      11664
sqrt (     29358) =        171         29241 <=      29358 <      29584
sqrt (     26962) =        164         26896 <=      26962 <      27225
sqrt (     24464) =        156         24336 <=      24464 <      24649
sqrt (      5705) =         75          5625 <=       5705 <       5776
sqrt (     28145) =        167         27889 <=      28145 <      28224
sqrt (     23281) =        152         23104 <=      23281 <      23409
sqrt (     16827) =        129         16641 <=      16827 <      16900
sqrt (      9961) =         99          9801 <=       9961 <      10000
sqrt (       491) =         22           484 <=        491 <        529
sqrt (      2995) =         54          2916 <=       2995 <       3025
sqrt (     11942) =        109         11881 <=      11942 <      12100
sqrt (      4827) =         69          4761 <=       4827 <       4900
sqrt (      5436) =         73          5329 <=       5436 <       5476
sqrt (     32391) =        179         32041 <=      32391 <      32400
sqrt (     14604) =        120         14400 <=      14604 <      14641
sqrt (      3902) =         62          3844 <=       3902 <       3969
sqrt (       153) =         12           144 <=        153 <        169
sqrt (       292) =         17           289 <=        292 <        324
sqrt (     12382) =        111         12321 <=      12382 <      12544
sqrt (     17421) =        131         17161 <=      17421 <      17424
sqrt (     18716) =        136         18496 <=      18716 <      18769
sqrt (     19718) =        140         19600 <=      19718 <      19881
sqrt (     19895) =        141         19881 <=      19895 <      20164
sqrt (      5447) =         73          5329 <=       5447 <       5476
sqrt (     21726) =        147         21609 <=      21726 <      21904
sqrt (     14771) =        121         14641 <=      14771 <      14884
sqrt (     11538) =        107         11449 <=      11538 <      11664
sqrt (      1869) =         43          1849 <=       1869 <       1936
sqrt (     19912) =        141         19881 <=      19912 <      20164
sqrt (     25667) =        160         25600 <=      25667 <      25921
sqrt (     26299) =        162         26244 <=      26299 <      26569
sqrt (     17035) =        130         16900 <=      17035 <      17161
sqrt (      9894) =         99          9801 <=       9894 <      10000
sqrt (     28703) =        169         28561 <=      28703 <      28900
sqrt (     23811) =        154         23716 <=      23811 <      24025
sqrt (     31322) =        176         30976 <=      31322 <      31329
sqrt (     30333) =        174         30276 <=      30333 <      30625
sqrt (     17673) =        132         17424 <=      17673 <      17689
sqrt (      4664) =         68          4624 <=       4664 <       4761
sqrt (     15141) =        123         15129 <=      15141 <      15376
sqrt (      7711) =         87          7569 <=       7711 <       7744
sqrt (     28253) =        168         28224 <=      28253 <      28561
sqrt (      6868) =         82          6724 <=       6868 <       6889
sqrt (     25547) =        159         25281 <=      25547 <      25600
sqrt (     27644) =        166         27556 <=      27644 <      27889
sqrt (     32662) =        180         32400 <=      32662 <      32761
sqrt (     32757) =        180         32400 <=      32757 <      32761
sqrt (     20037) =        141         19881 <=      20037 <      20164
sqrt (     12859) =        113         12769 <=      12859 <      12996
sqrt (      8723) =         93          8649 <=       8723 <       8836
sqrt (      9741) =         98          9604 <=       9741 <       9801
sqrt (     27529) =        165         27225 <=      27529 <      27556
sqrt (       778) =         27           729 <=        778 <        784
sqrt (     12316) =        110         12100 <=      12316 <      12321
sqrt (      3035) =         55          3025 <=       3035 <       3136
sqrt (     22190) =        148         21904 <=      22190 <      22201
sqrt (      1842) =         42          1764 <=       1842 <       1849
sqrt (       288) =         16           256 <=        288 <        289
sqrt (     30106) =        173         29929 <=      30106 <      30276
sqrt (      9040) =         95          9025 <=       9040 <       9216
sqrt (      8942) =         94          8836 <=       8942 <       9025
sqrt (     19264) =        138         19044 <=      19264 <      19321
sqrt (     22648) =        150         22500 <=      22648 <      22801
sqrt (     27446) =        165         27225 <=      27446 <      27556
sqrt (     23805) =        154         23716 <=      23805 <      24025
sqrt (     15890) =        126         15876 <=      15890 <      16129
sqrt (      6729) =         82          6724 <=       6729 <       6889
sqrt (     24370) =        156         24336 <=      24370 <      24649
sqrt (     15350) =        123         15129 <=      15350 <      15376
sqrt (     15006) =        122         14884 <=      15006 <      15129
sqrt (     31101) =        176         30976 <=      31101 <      31329
sqrt (     24393) =        156         24336 <=      24393 <      24649
sqrt (      3548) =         59          3481 <=       3548 <       3600
sqrt (     19629) =        140         19600 <=      19629 <      19881
sqrt (     12623) =        112         12544 <=      12623 <      12769
sqrt (     24084) =        155         24025 <=      24084 <      24336
sqrt (     19954) =        141         19881 <=      19954 <      20164
sqrt (     18756) =        136         18496 <=      18756 <      18769
sqrt (     11840) =        108         11664 <=      11840 <      11881
sqrt (      4966) =         70          4900 <=       4966 <       5041
sqrt (      7376) =         85          7225 <=       7376 <       7396
sqrt (     13931) =        118         13924 <=      13931 <      14161
sqrt (     26308) =        162         26244 <=      26308 <      26569
sqrt (     16944) =        130         16900 <=      16944 <      17161
sqrt (     32439) =        180         32400 <=      32439 <      32761
sqrt (     24626) =        156         24336 <=      24626 <      24649
sqrt (     11323) =        106         11236 <=      11323 <      11449
sqrt (      5537) =         74          5476 <=       5537 <       5625
sqrt (     21538) =        146         21316 <=      21538 <      21609
sqrt (     16118) =        126         15876 <=      16118 <      16129
sqrt (      2082) =         45          2025 <=       2082 <       2116
sqrt (     22929) =        151         22801 <=      22929 <      23104
sqrt (     16541) =        128         16384 <=      16541 <      16641
sqrt (      4833) =         69          4761 <=       4833 <       4900
sqrt (     31115) =        176         30976 <=      31115 <      31329
sqrt (      4639) =         68          4624 <=       4639 <       4761
sqrt (     29658) =        172         29584 <=      29658 <      29929
sqrt (     22704) =        150         22500 <=      22704 <      22801
sqrt (      9930) =         99          9801 <=       9930 <      10000
sqrt (     13977) =        118         13924 <=      13977 <      14161
sqrt (      2306) =         48          2304 <=       2306 <       2401
sqrt (     31673) =        177         31329 <=      31673 <      31684
sqrt (     22386) =        149         22201 <=      22386 <      22500
sqrt (      5021) =         70          4900 <=       5021 <       5041
sqrt (     28745) =        169         28561 <=      28745 <      28900
sqrt (     26924) =        164         26896 <=      26924 <      27225
sqrt (     19072) =        138         19044 <=      19072 <      19321
sqrt (      6270) =         79          6241 <=       6270 <       6400
sqrt (      5829) =         76          5776 <=       5829 <       5929
sqrt (     26777) =        163         26569 <=      26777 <      26896
sqrt (     15573) =        124         15376 <=      15573 <      15625
sqrt (      5097) =         71          5041 <=       5097 <       5184
sqrt (     16512) =        128         16384 <=      16512 <      16641
sqrt (     23986) =        154         23716 <=      23986 <      24025
sqrt (     13290) =        115         13225 <=      13290 <      13456
sqrt (      9161) =         95          9025 <=       9161 <       9216
sqrt (     18636) =        136         18496 <=      18636 <      18769
sqrt (     22355) =        149         22201 <=      22355 <      22500
sqrt (     24767) =        157         24649 <=      24767 <      24964
sqrt (     23655) =        153         23409 <=      23655 <      23716
sqrt (     15574) =        124         15376 <=      15574 <      15625
sqrt (      4031) =         63          3969 <=       4031 <       4096
sqrt (     12052) =        109         11881 <=      12052 <      12100
sqrt (     27350) =        165         27225 <=      27350 <      27556
sqrt (      1150) =         33          1089 <=       1150 <       1156
sqrt (     16941) =        130         16900 <=      16941 <      17161
sqrt (     21724) =        147         21609 <=      21724 <      21904
sqrt (     13966) =        118         13924 <=      13966 <      14161
sqrt (      3430) =         58          3364 <=       3430 <       3481
sqrt (     31107) =        176         30976 <=      31107 <      31329
sqrt (     30191) =        173         29929 <=      30191 <      30276
sqrt (     18007) =        134         17956 <=      18007 <      18225
sqrt (     11337) =        106         11236 <=      11337 <      11449
sqrt (     15457) =        124         15376 <=      15457 <      15625
sqrt (     12287) =        110         12100 <=      12287 <      12321
sqrt (     27753) =        166         27556 <=      27753 <      27889
sqrt (     10383) =        101         10201 <=      10383 <      10404
sqrt (     14945) =        122         14884 <=      14945 <      15129
sqrt (      8909) =         94          8836 <=       8909 <       9025
sqrt (     32209) =        179         32041 <=      32209 <      32400
sqrt (      9758) =         98          9604 <=       9758 <       9801
sqrt (     24221) =        155         24025 <=      24221 <      24336
sqrt (     18588) =        136         18496 <=      18588 <      18769
sqrt (      6422) =         80          6400 <=       6422 <       6561
sqrt (     24946) =        157         24649 <=      24946 <      24964
sqrt (     27506) =        165         27225 <=      27506 <      27556
sqrt (     13030) =        114         12996 <=      13030 <      13225
sqrt (     16413) =        128         16384 <=      16413 <      16641
sqrt (     29168) =        170         28900 <=      29168 <      29241
sqrt (       900) =         30           900 <=        900 <        961
sqrt (     32591) =        180         32400 <=      32591 <      32761
sqrt (     18762) =        136         18496 <=      18762 <      18769
sqrt (      1655) =         40          1600 <=       1655 <       1681
sqrt (     17410) =        131         17161 <=      17410 <      17424
sqrt (      6359) =         79          6241 <=       6359 <       6400
sqrt (     27624) =        166         27556 <=      27624 <      27889
sqrt (     20537) =        143         20449 <=      20537 <      20736
sqrt (     21548) =        146         21316 <=      21548 <      21609
sqrt (      6483) =         80          6400 <=       6483 <       6561
sqrt (     27595) =        166         27556 <=      27595 <      27889
sqrt (      4041) =         63          3969 <=       4041 <       4096
sqrt (      3602) =         60          3600 <=       3602 <       3721
sqrt (     24350) =        156         24336 <=      24350 <      24649
sqrt (     10291) =        101         10201 <=      10291 <      10404
sqrt (     30836) =        175         30625 <=      30836 <      30976
sqrt (      9374) =         96          9216 <=       9374 <       9409
sqrt (     11020) =        104         10816 <=      11020 <      11025
sqrt (      4596) =         67          4489 <=       4596 <       4624
sqrt (     24021) =        154         23716 <=      24021 <      24025
sqrt (     27348) =        165         27225 <=      27348 <      27556
sqrt (     23199) =        152         23104 <=      23199 <      23409
sqrt (     19668) =        140         19600 <=      19668 <      19881
sqrt (     24484) =        156         24336 <=      24484 <      24649
sqrt (      8281) =         91          8281 <=       8281 <       8464
sqrt (      4734) =         68          4624 <=       4734 <       4761
sqrt (        53) =          7            49 <=         53 <         64
sqrt (      1999) =         44          1936 <=       1999 <       2025
sqrt (     26418) =        162         26244 <=      26418 <      26569
sqrt (     27938) =        167         27889 <=      27938 <      28224
sqrt (      6900) =         83          6889 <=       6900 <       7056
sqrt (      3788) =         61          3721 <=       3788 <       3844
sqrt (     18127) =        134         17956 <=      18127 <      18225
sqrt (       467) =         21           441 <=        467 <        484
sqrt (      3728) =         61          3721 <=       3728 <       3844
sqrt (     14893) =        122         14884 <=      14893 <      15129
sqrt (     24648) =        156         24336 <=      24648 <      24649
sqrt (     22483) =        149         22201 <=      22483 <      22500
sqrt (     17807) =        133         17689 <=      17807 <      17956
sqrt (      2421) =         49          2401 <=       2421 <       2500
sqrt (     14310) =        119         14161 <=      14310 <      14400
sqrt (      6617) =         81          6561 <=       6617 <       6724
sqrt (     22813) =        151         22801 <=      22813 <      23104
sqrt (      9514) =         97          9409 <=       9514 <       9604
sqrt (     14309) =        119         14161 <=      14309 <      14400
sqrt (      7616) =         87          7569 <=       7616 <       7744
sqrt (     18935) =        137         18769 <=      18935 <      19044
sqrt (     17451) =        132         17424 <=      17451 <      17689
sqrt (     20600) =        143         20449 <=      20600 <      20736
sqrt (      5249) =         72          5184 <=       5249 <       5329
sqrt (     16519) =        128         16384 <=      16519 <      16641
sqrt (     31556) =        177         31329 <=      31556 <      31684
sqrt (     22798) =        150         22500 <=      22798 <      22801
sqrt (     30303) =        174         30276 <=      30303 <      30625
sqrt (      6224) =         78          6084 <=       6224 <       6241
sqrt (     11008) =        104         10816 <=      11008 <      11025
sqrt (      5844) =         76          5776 <=       5844 <       5929
sqrt (     32609) =        180         32400 <=      32609 <      32761
sqrt (     14989) =        122         14884 <=      14989 <      15129
sqrt (     32702) =        180         32400 <=      32702 <      32761
sqrt (      3195) =         56          3136 <=       3195 <       3249
sqrt (     20485) =        143         20449 <=      20485 <      20736
sqrt (      3093) =         55          3025 <=       3093 <       3136
sqrt (     14343) =        119         14161 <=      14343 <      14400
sqrt (     30523) =        174         30276 <=      30523 <      30625
sqrt (      1587) =         39          1521 <=       1587 <       1600
sqrt (     29314) =        171         29241 <=      29314 <      29584
sqrt (      9503) =         97          9409 <=       9503 <       9604
sqrt (      7448) =         86          7396 <=       7448 <       7569
sqrt (     25200) =        158         24964 <=      25200 <      25281
sqrt (     13458) =        116         13456 <=      13458 <      13689
sqrt (      6618) =         81          6561 <=       6618 <       6724
sqrt (     20580) =        143         20449 <=      20580 <      20736
sqrt (     19796) =        140         19600 <=      19796 <      19881
sqrt (     14798) =        121         14641 <=      14798 <      14884
sqrt (     15281) =        123         15129 <=      15281 <      15376
sqrt (     19589) =        139         19321 <=      19589 <      19600
sqrt (     20798) =        144         20736 <=      20798 <      21025
sqrt (     28009) =        167         27889 <=      28009 <      28224
sqrt (     27157) =        164         26896 <=      27157 <      27225
sqrt (     20472) =        143         20449 <=      20472 <      20736
sqrt (     23622) =        153         23409 <=      23622 <      23716
sqrt (     18538) =        136         18496 <=      18538 <      18769
sqrt (     12292) =        110         12100 <=      12292 <      12321
sqrt (      6038) =         77          5929 <=       6038 <       6084
sqrt (     24179) =        155         24025 <=      24179 <      24336
sqrt (     18190) =        134         17956 <=      18190 <      18225
sqrt (     29657) =        172         29584 <=      29657 <      29929
sqrt (      7958) =         89          7921 <=       7958 <       8100
sqrt (      6191) =         78          6084 <=       6191 <       6241
sqrt (     19815) =        140         19600 <=      19815 <      19881
sqrt (     22888) =        151         22801 <=      22888 <      23104
sqrt (     19156) =        138         19044 <=      19156 <      19321
sqrt (     11511) =        107         11449 <=      11511 <      11664
sqrt (     16202) =        127         16129 <=      16202 <      16384
sqrt (      2634) =         51          2601 <=       2634 <       2704
sqrt (     24272) =        155         24025 <=      24272 <      24336
sqrt (     20055) =        141         19881 <=      20055 <      20164
sqrt (     20328) =        142         20164 <=      20328 <      20449
sqrt (     22646) =        150         22500 <=      22646 <      22801
