# vsim -do {run -all; quit} -c testbench 
# Loading work.testbench
# Loading work.isqrt
# Loading work.isqrt_slice_comb
# Loading work.isqrt_slice_reg
# run -all 
# current: x          0  |  check sqrt (         x) =          0             0 <=          x <          1
# current: x          1  |  check sqrt (         x) =          0             0 <=          x <          1
# current: x          2  |  check sqrt (         x) =          0             0 <=          x <          1
# current: x          3  |  check sqrt (         x) =          0             0 <=          x <          1
# current: x          4  |  check sqrt (         x) =          0             0 <=          x <          1
# current: x          5  |  check sqrt (         x) =          0             0 <=          x <          1
# current: x          6  |  check sqrt (         x) =          0             0 <=          x <          1
# current: x          7  |  check sqrt (         x) =          X             x <=          x <          x
# current: x          8  |  check sqrt (         0) =          0             0 <=          0 <          1
# current: x          9  |  check sqrt (         1) =          1             1 <=          1 <          4
# current: x         10  |  check sqrt (         2) =          1             1 <=          2 <          4
# current: x         11  |  check sqrt (         3) =          1             1 <=          3 <          4
# current: x         12  |  check sqrt (         4) =          2             4 <=          4 <          9
# current: x         13  |  check sqrt (         5) =          2             4 <=          5 <          9
# current: x         14  |  check sqrt (         6) =          2             4 <=          6 <          9
# current: x         15  |  check sqrt (         7) =          2             4 <=          7 <          9
# current: x         16  |  check sqrt (         8) =          2             4 <=          8 <          9
# current: x         17  |  check sqrt (         9) =          3             9 <=          9 <         16
# current: x         18  |  check sqrt (        10) =          3             9 <=         10 <         16
# current: x         19  |  check sqrt (        11) =          3             9 <=         11 <         16
# current: x         20  |  check sqrt (        12) =          3             9 <=         12 <         16
# current: x         21  |  check sqrt (        13) =          3             9 <=         13 <         16
# current: x         22  |  check sqrt (        14) =          3             9 <=         14 <         16
# current: x         23  |  check sqrt (        15) =          3             9 <=         15 <         16
# current: x         24  |  check sqrt (        16) =          4            16 <=         16 <         25
# current: x         25  |  check sqrt (        17) =          4            16 <=         17 <         25
# current: x         26  |  check sqrt (        18) =          4            16 <=         18 <         25
# current: x         27  |  check sqrt (        19) =          4            16 <=         19 <         25
# current: x         28  |  check sqrt (        20) =          4            16 <=         20 <         25
# current: x         29  |  check sqrt (        21) =          4            16 <=         21 <         25
# current: x         30  |  check sqrt (        22) =          4            16 <=         22 <         25
# current: x         31  |  check sqrt (        23) =          4            16 <=         23 <         25
# current: x         32  |  check sqrt (        24) =          4            16 <=         24 <         25
# current: x         33  |  check sqrt (        25) =          5            25 <=         25 <         36
# current: x         34  |  check sqrt (        26) =          5            25 <=         26 <         36
# current: x         35  |  check sqrt (        27) =          5            25 <=         27 <         36
# current: x         36  |  check sqrt (        28) =          5            25 <=         28 <         36
# current: x         37  |  check sqrt (        29) =          5            25 <=         29 <         36
# current: x         38  |  check sqrt (        30) =          5            25 <=         30 <         36
# current: x         39  |  check sqrt (        31) =          5            25 <=         31 <         36
# current: x         40  |  check sqrt (        32) =          5            25 <=         32 <         36
# current: x         41  |  check sqrt (        33) =          5            25 <=         33 <         36
# current: x         42  |  check sqrt (        34) =          5            25 <=         34 <         36
# current: x         43  |  check sqrt (        35) =          5            25 <=         35 <         36
# current: x         44  |  check sqrt (        36) =          6            36 <=         36 <         49
# current: x         45  |  check sqrt (        37) =          6            36 <=         37 <         49
# current: x         46  |  check sqrt (        38) =          6            36 <=         38 <         49
# current: x         47  |  check sqrt (        39) =          6            36 <=         39 <         49
# current: x         48  |  check sqrt (        40) =          6            36 <=         40 <         49
# current: x         49  |  check sqrt (        41) =          6            36 <=         41 <         49
# current: x         50  |  check sqrt (        42) =          6            36 <=         42 <         49
# current: x         51  |  check sqrt (        43) =          6            36 <=         43 <         49
# current: x         52  |  check sqrt (        44) =          6            36 <=         44 <         49
# current: x         53  |  check sqrt (        45) =          6            36 <=         45 <         49
# current: x         54  |  check sqrt (        46) =          6            36 <=         46 <         49
# current: x         55  |  check sqrt (        47) =          6            36 <=         47 <         49
# current: x         56  |  check sqrt (        48) =          6            36 <=         48 <         49
# current: x         57  |  check sqrt (        49) =          7            49 <=         49 <         64
# current: x         58  |  check sqrt (        50) =          7            49 <=         50 <         64
# current: x         59  |  check sqrt (        51) =          7            49 <=         51 <         64
# current: x         60  |  check sqrt (        52) =          7            49 <=         52 <         64
# current: x         61  |  check sqrt (        53) =          7            49 <=         53 <         64
# current: x         62  |  check sqrt (        54) =          7            49 <=         54 <         64
# current: x         63  |  check sqrt (        55) =          7            49 <=         55 <         64
# current: x         64  |  check sqrt (        56) =          7            49 <=         56 <         64
# current: x         65  |  check sqrt (        57) =          7            49 <=         57 <         64
# current: x         66  |  check sqrt (        58) =          7            49 <=         58 <         64
# current: x         67  |  check sqrt (        59) =          7            49 <=         59 <         64
# current: x         68  |  check sqrt (        60) =          7            49 <=         60 <         64
# current: x         69  |  check sqrt (        61) =          7            49 <=         61 <         64
# current: x         70  |  check sqrt (        62) =          7            49 <=         62 <         64
# current: x         71  |  check sqrt (        63) =          7            49 <=         63 <         64
# current: x         72  |  check sqrt (        64) =          8            64 <=         64 <         81
# current: x         73  |  check sqrt (        65) =          8            64 <=         65 <         81
# current: x         74  |  check sqrt (        66) =          8            64 <=         66 <         81
# current: x         75  |  check sqrt (        67) =          8            64 <=         67 <         81
# current: x         76  |  check sqrt (        68) =          8            64 <=         68 <         81
# current: x         77  |  check sqrt (        69) =          8            64 <=         69 <         81
# current: x         78  |  check sqrt (        70) =          8            64 <=         70 <         81
# current: x         79  |  check sqrt (        71) =          8            64 <=         71 <         81
# current: x         80  |  check sqrt (        72) =          8            64 <=         72 <         81
# current: x         81  |  check sqrt (        73) =          8            64 <=         73 <         81
# current: x         82  |  check sqrt (        74) =          8            64 <=         74 <         81
# current: x         83  |  check sqrt (        75) =          8            64 <=         75 <         81
# current: x         84  |  check sqrt (        76) =          8            64 <=         76 <         81
# current: x         85  |  check sqrt (        77) =          8            64 <=         77 <         81
# current: x         86  |  check sqrt (        78) =          8            64 <=         78 <         81
# current: x         87  |  check sqrt (        79) =          8            64 <=         79 <         81
# current: x         88  |  check sqrt (        80) =          8            64 <=         80 <         81
# current: x         89  |  check sqrt (        81) =          9            81 <=         81 <        100
# current: x         90  |  check sqrt (        82) =          9            81 <=         82 <        100
# current: x         91  |  check sqrt (        83) =          9            81 <=         83 <        100
# current: x         92  |  check sqrt (        84) =          9            81 <=         84 <        100
# current: x         93  |  check sqrt (        85) =          9            81 <=         85 <        100
# current: x         94  |  check sqrt (        86) =          9            81 <=         86 <        100
# current: x         95  |  check sqrt (        87) =          9            81 <=         87 <        100
# current: x         96  |  check sqrt (        88) =          9            81 <=         88 <        100
# current: x         97  |  check sqrt (        89) =          9            81 <=         89 <        100
# current: x         98  |  check sqrt (        90) =          9            81 <=         90 <        100
# current: x         99  |  check sqrt (        91) =          9            81 <=         91 <        100
# current: x        100  |  check sqrt (        92) =          9            81 <=         92 <        100
# current: x        101  |  check sqrt (        93) =          9            81 <=         93 <        100
# current: x        102  |  check sqrt (        94) =          9            81 <=         94 <        100
# current: x        103  |  check sqrt (        95) =          9            81 <=         95 <        100
# current: x        104  |  check sqrt (        96) =          9            81 <=         96 <        100
# current: x        105  |  check sqrt (        97) =          9            81 <=         97 <        100
# current: x        106  |  check sqrt (        98) =          9            81 <=         98 <        100
# current: x        107  |  check sqrt (        99) =          9            81 <=         99 <        100
# current: x        108  |  check sqrt (       100) =         10           100 <=        100 <        121
# current: x        109  |  check sqrt (       101) =         10           100 <=        101 <        121
# current: x        110  |  check sqrt (       102) =         10           100 <=        102 <        121
# current: x        111  |  check sqrt (       103) =         10           100 <=        103 <        121
# current: x        112  |  check sqrt (       104) =         10           100 <=        104 <        121
# current: x        113  |  check sqrt (       105) =         10           100 <=        105 <        121
# current: x        114  |  check sqrt (       106) =         10           100 <=        106 <        121
# current: x        115  |  check sqrt (       107) =         10           100 <=        107 <        121
# current: x        116  |  check sqrt (       108) =         10           100 <=        108 <        121
# current: x        117  |  check sqrt (       109) =         10           100 <=        109 <        121
# current: x        118  |  check sqrt (       110) =         10           100 <=        110 <        121
# current: x        119  |  check sqrt (       111) =         10           100 <=        111 <        121
# current: x        120  |  check sqrt (       112) =         10           100 <=        112 <        121
# current: x        121  |  check sqrt (       113) =         10           100 <=        113 <        121
# current: x        122  |  check sqrt (       114) =         10           100 <=        114 <        121
# current: x        123  |  check sqrt (       115) =         10           100 <=        115 <        121
# current: x        124  |  check sqrt (       116) =         10           100 <=        116 <        121
# current: x        125  |  check sqrt (       117) =         10           100 <=        117 <        121
# current: x        126  |  check sqrt (       118) =         10           100 <=        118 <        121
# current: x        127  |  check sqrt (       119) =         10           100 <=        119 <        121
# current: x        128  |  check sqrt (       120) =         10           100 <=        120 <        121
# current: x        129  |  check sqrt (       121) =         11           121 <=        121 <        144
# current: x        130  |  check sqrt (       122) =         11           121 <=        122 <        144
# current: x        131  |  check sqrt (       123) =         11           121 <=        123 <        144
# current: x        132  |  check sqrt (       124) =         11           121 <=        124 <        144
# current: x        133  |  check sqrt (       125) =         11           121 <=        125 <        144
# current: x        134  |  check sqrt (       126) =         11           121 <=        126 <        144
# current: x        135  |  check sqrt (       127) =         11           121 <=        127 <        144
# current: x        136  |  check sqrt (       128) =         11           121 <=        128 <        144
# current: x        137  |  check sqrt (       129) =         11           121 <=        129 <        144
# current: x        138  |  check sqrt (       130) =         11           121 <=        130 <        144
# current: x        139  |  check sqrt (       131) =         11           121 <=        131 <        144
# current: x        140  |  check sqrt (       132) =         11           121 <=        132 <        144
# current: x        141  |  check sqrt (       133) =         11           121 <=        133 <        144
# current: x        142  |  check sqrt (       134) =         11           121 <=        134 <        144
# current: x        143  |  check sqrt (       135) =         11           121 <=        135 <        144
# current: x        144  |  check sqrt (       136) =         11           121 <=        136 <        144
# current: x        145  |  check sqrt (       137) =         11           121 <=        137 <        144
# current: x        146  |  check sqrt (       138) =         11           121 <=        138 <        144
# current: x        147  |  check sqrt (       139) =         11           121 <=        139 <        144
# current: x        148  |  check sqrt (       140) =         11           121 <=        140 <        144
# current: x        149  |  check sqrt (       141) =         11           121 <=        141 <        144
# current: x        150  |  check sqrt (       142) =         11           121 <=        142 <        144
# current: x        151  |  check sqrt (       143) =         11           121 <=        143 <        144
# current: x        152  |  check sqrt (       144) =         12           144 <=        144 <        169
# current: x        153  |  check sqrt (       145) =         12           144 <=        145 <        169
# current: x        154  |  check sqrt (       146) =         12           144 <=        146 <        169
# current: x        155  |  check sqrt (       147) =         12           144 <=        147 <        169
# current: x        156  |  check sqrt (       148) =         12           144 <=        148 <        169
# current: x        157  |  check sqrt (       149) =         12           144 <=        149 <        169
# current: x        158  |  check sqrt (       150) =         12           144 <=        150 <        169
# current: x        159  |  check sqrt (       151) =         12           144 <=        151 <        169
# current: x        160  |  check sqrt (       152) =         12           144 <=        152 <        169
# current: x        161  |  check sqrt (       153) =         12           144 <=        153 <        169
# current: x        162  |  check sqrt (       154) =         12           144 <=        154 <        169
# current: x        163  |  check sqrt (       155) =         12           144 <=        155 <        169
# current: x        164  |  check sqrt (       156) =         12           144 <=        156 <        169
# current: x        165  |  check sqrt (       157) =         12           144 <=        157 <        169
# current: x        166  |  check sqrt (       158) =         12           144 <=        158 <        169
# current: x        167  |  check sqrt (       159) =         12           144 <=        159 <        169
# current: x        168  |  check sqrt (       160) =         12           144 <=        160 <        169
# current: x        169  |  check sqrt (       161) =         12           144 <=        161 <        169
# current: x        170  |  check sqrt (       162) =         12           144 <=        162 <        169
# current: x        171  |  check sqrt (       163) =         12           144 <=        163 <        169
# current: x        172  |  check sqrt (       164) =         12           144 <=        164 <        169
# current: x        173  |  check sqrt (       165) =         12           144 <=        165 <        169
# current: x        174  |  check sqrt (       166) =         12           144 <=        166 <        169
# current: x        175  |  check sqrt (       167) =         12           144 <=        167 <        169
# current: x        176  |  check sqrt (       168) =         12           144 <=        168 <        169
# current: x        177  |  check sqrt (       169) =         13           169 <=        169 <        196
# current: x        178  |  check sqrt (       170) =         13           169 <=        170 <        196
# current: x        179  |  check sqrt (       171) =         13           169 <=        171 <        196
# current: x        180  |  check sqrt (       172) =         13           169 <=        172 <        196
# current: x        181  |  check sqrt (       173) =         13           169 <=        173 <        196
# current: x        182  |  check sqrt (       174) =         13           169 <=        174 <        196
# current: x        183  |  check sqrt (       175) =         13           169 <=        175 <        196
# current: x        184  |  check sqrt (       176) =         13           169 <=        176 <        196
# current: x        185  |  check sqrt (       177) =         13           169 <=        177 <        196
# current: x        186  |  check sqrt (       178) =         13           169 <=        178 <        196
# current: x        187  |  check sqrt (       179) =         13           169 <=        179 <        196
# current: x        188  |  check sqrt (       180) =         13           169 <=        180 <        196
# current: x        189  |  check sqrt (       181) =         13           169 <=        181 <        196
# current: x        190  |  check sqrt (       182) =         13           169 <=        182 <        196
# current: x        191  |  check sqrt (       183) =         13           169 <=        183 <        196
# current: x        192  |  check sqrt (       184) =         13           169 <=        184 <        196
# current: x        193  |  check sqrt (       185) =         13           169 <=        185 <        196
# current: x        194  |  check sqrt (       186) =         13           169 <=        186 <        196
# current: x        195  |  check sqrt (       187) =         13           169 <=        187 <        196
# current: x        196  |  check sqrt (       188) =         13           169 <=        188 <        196
# current: x        197  |  check sqrt (       189) =         13           169 <=        189 <        196
# current: x        198  |  check sqrt (       190) =         13           169 <=        190 <        196
# current: x        199  |  check sqrt (       191) =         13           169 <=        191 <        196
# current: x        200  |  check sqrt (       192) =         13           169 <=        192 <        196
# current: x        201  |  check sqrt (       193) =         13           169 <=        193 <        196
# current: x        202  |  check sqrt (       194) =         13           169 <=        194 <        196
# current: x        203  |  check sqrt (       195) =         13           169 <=        195 <        196
# current: x        204  |  check sqrt (       196) =         14           196 <=        196 <        225
# current: x        205  |  check sqrt (       197) =         14           196 <=        197 <        225
# current: x        206  |  check sqrt (       198) =         14           196 <=        198 <        225
# current: x        207  |  check sqrt (       199) =         14           196 <=        199 <        225
# current: x        208  |  check sqrt (       200) =         14           196 <=        200 <        225
# current: x        209  |  check sqrt (       201) =         14           196 <=        201 <        225
# current: x        210  |  check sqrt (       202) =         14           196 <=        202 <        225
# current: x        211  |  check sqrt (       203) =         14           196 <=        203 <        225
# current: x        212  |  check sqrt (       204) =         14           196 <=        204 <        225
# current: x        213  |  check sqrt (       205) =         14           196 <=        205 <        225
# current: x        214  |  check sqrt (       206) =         14           196 <=        206 <        225
# current: x        215  |  check sqrt (       207) =         14           196 <=        207 <        225
# current: x        216  |  check sqrt (       208) =         14           196 <=        208 <        225
# current: x        217  |  check sqrt (       209) =         14           196 <=        209 <        225
# current: x        218  |  check sqrt (       210) =         14           196 <=        210 <        225
# current: x        219  |  check sqrt (       211) =         14           196 <=        211 <        225
# current: x        220  |  check sqrt (       212) =         14           196 <=        212 <        225
# current: x        221  |  check sqrt (       213) =         14           196 <=        213 <        225
# current: x        222  |  check sqrt (       214) =         14           196 <=        214 <        225
# current: x        223  |  check sqrt (       215) =         14           196 <=        215 <        225
# current: x        224  |  check sqrt (       216) =         14           196 <=        216 <        225
# current: x        225  |  check sqrt (       217) =         14           196 <=        217 <        225
# current: x        226  |  check sqrt (       218) =         14           196 <=        218 <        225
# current: x        227  |  check sqrt (       219) =         14           196 <=        219 <        225
# current: x        228  |  check sqrt (       220) =         14           196 <=        220 <        225
# current: x        229  |  check sqrt (       221) =         14           196 <=        221 <        225
# current: x        230  |  check sqrt (       222) =         14           196 <=        222 <        225
# current: x        231  |  check sqrt (       223) =         14           196 <=        223 <        225
# current: x        232  |  check sqrt (       224) =         14           196 <=        224 <        225
# current: x        233  |  check sqrt (       225) =         15           225 <=        225 <        256
# current: x        234  |  check sqrt (       226) =         15           225 <=        226 <        256
# current: x        235  |  check sqrt (       227) =         15           225 <=        227 <        256
# current: x        236  |  check sqrt (       228) =         15           225 <=        228 <        256
# current: x        237  |  check sqrt (       229) =         15           225 <=        229 <        256
# current: x        238  |  check sqrt (       230) =         15           225 <=        230 <        256
# current: x        239  |  check sqrt (       231) =         15           225 <=        231 <        256
# current: x        240  |  check sqrt (       232) =         15           225 <=        232 <        256
# current: x        241  |  check sqrt (       233) =         15           225 <=        233 <        256
# current: x        242  |  check sqrt (       234) =         15           225 <=        234 <        256
# current: x        243  |  check sqrt (       235) =         15           225 <=        235 <        256
# current: x        244  |  check sqrt (       236) =         15           225 <=        236 <        256
# current: x        245  |  check sqrt (       237) =         15           225 <=        237 <        256
# current: x        246  |  check sqrt (       238) =         15           225 <=        238 <        256
# current: x        247  |  check sqrt (       239) =         15           225 <=        239 <        256
# current: x        248  |  check sqrt (       240) =         15           225 <=        240 <        256
# current: x        249  |  check sqrt (       241) =         15           225 <=        241 <        256
# current: x        250  |  check sqrt (       242) =         15           225 <=        242 <        256
# current: x        251  |  check sqrt (       243) =         15           225 <=        243 <        256
# current: x        252  |  check sqrt (       244) =         15           225 <=        244 <        256
# current: x        253  |  check sqrt (       245) =         15           225 <=        245 <        256
# current: x        254  |  check sqrt (       246) =         15           225 <=        246 <        256
# current: x        255  |  check sqrt (       247) =         15           225 <=        247 <        256
# current: x 4294967295  |  check sqrt (       248) =         15           225 <=        248 <        256
# current: x 4294967294  |  check sqrt (       249) =         15           225 <=        249 <        256
# current: x 4294967293  |  check sqrt (       250) =         15           225 <=        250 <        256
# current: x 4294967292  |  check sqrt (       251) =         15           225 <=        251 <        256
# current: x 4294967291  |  check sqrt (       252) =         15           225 <=        252 <        256
# current: x 4294967290  |  check sqrt (       253) =         15           225 <=        253 <        256
# current: x 4294967289  |  check sqrt (       254) =         15           225 <=        254 <        256
# current: x 4294967288  |  check sqrt (       255) =         15           225 <=        255 <        256
# current: x 4294967287  |  check sqrt (4294967295) =      65535    4294836225 <= 4294967295 < 4294967296
# current: x 4294967286  |  check sqrt (4294967294) =      65535    4294836225 <= 4294967294 < 4294967296
# current: x 4294967285  |  check sqrt (4294967293) =      65535    4294836225 <= 4294967293 < 4294967296
# current: x 4294967284  |  check sqrt (4294967292) =      65535    4294836225 <= 4294967292 < 4294967296
# current: x 4294967283  |  check sqrt (4294967291) =      65535    4294836225 <= 4294967291 < 4294967296
# current: x 4294967282  |  check sqrt (4294967290) =      65535    4294836225 <= 4294967290 < 4294967296
# current: x 4294967281  |  check sqrt (4294967289) =      65535    4294836225 <= 4294967289 < 4294967296
# current: x 4294967280  |  check sqrt (4294967288) =      65535    4294836225 <= 4294967288 < 4294967296
# current: x 4294967279  |  check sqrt (4294967287) =      65535    4294836225 <= 4294967287 < 4294967296
# current: x 4294967278  |  check sqrt (4294967286) =      65535    4294836225 <= 4294967286 < 4294967296
# current: x 4294967277  |  check sqrt (4294967285) =      65535    4294836225 <= 4294967285 < 4294967296
# current: x 4294967276  |  check sqrt (4294967284) =      65535    4294836225 <= 4294967284 < 4294967296
# current: x 4294967275  |  check sqrt (4294967283) =      65535    4294836225 <= 4294967283 < 4294967296
# current: x 4294967274  |  check sqrt (4294967282) =      65535    4294836225 <= 4294967282 < 4294967296
# current: x 4294967273  |  check sqrt (4294967281) =      65535    4294836225 <= 4294967281 < 4294967296
# current: x 4294967272  |  check sqrt (4294967280) =      65535    4294836225 <= 4294967280 < 4294967296
# current: x 4294967271  |  check sqrt (4294967279) =      65535    4294836225 <= 4294967279 < 4294967296
# current: x 4294967270  |  check sqrt (4294967278) =      65535    4294836225 <= 4294967278 < 4294967296
# current: x 4294967269  |  check sqrt (4294967277) =      65535    4294836225 <= 4294967277 < 4294967296
# current: x 4294967268  |  check sqrt (4294967276) =      65535    4294836225 <= 4294967276 < 4294967296
# current: x 4294967267  |  check sqrt (4294967275) =      65535    4294836225 <= 4294967275 < 4294967296
# current: x 4294967266  |  check sqrt (4294967274) =      65535    4294836225 <= 4294967274 < 4294967296
# current: x 4294967265  |  check sqrt (4294967273) =      65535    4294836225 <= 4294967273 < 4294967296
# current: x 4294967264  |  check sqrt (4294967272) =      65535    4294836225 <= 4294967272 < 4294967296
# current: x 4294967263  |  check sqrt (4294967271) =      65535    4294836225 <= 4294967271 < 4294967296
# current: x 4294967262  |  check sqrt (4294967270) =      65535    4294836225 <= 4294967270 < 4294967296
# current: x 4294967261  |  check sqrt (4294967269) =      65535    4294836225 <= 4294967269 < 4294967296
# current: x 4294967260  |  check sqrt (4294967268) =      65535    4294836225 <= 4294967268 < 4294967296
# current: x 4294967259  |  check sqrt (4294967267) =      65535    4294836225 <= 4294967267 < 4294967296
# current: x 4294967258  |  check sqrt (4294967266) =      65535    4294836225 <= 4294967266 < 4294967296
# current: x 4294967257  |  check sqrt (4294967265) =      65535    4294836225 <= 4294967265 < 4294967296
# current: x 4294967256  |  check sqrt (4294967264) =      65535    4294836225 <= 4294967264 < 4294967296
# current: x 4294967255  |  check sqrt (4294967263) =      65535    4294836225 <= 4294967263 < 4294967296
# current: x 4294967254  |  check sqrt (4294967262) =      65535    4294836225 <= 4294967262 < 4294967296
# current: x 4294967253  |  check sqrt (4294967261) =      65535    4294836225 <= 4294967261 < 4294967296
# current: x 4294967252  |  check sqrt (4294967260) =      65535    4294836225 <= 4294967260 < 4294967296
# current: x 4294967251  |  check sqrt (4294967259) =      65535    4294836225 <= 4294967259 < 4294967296
# current: x 4294967250  |  check sqrt (4294967258) =      65535    4294836225 <= 4294967258 < 4294967296
# current: x 4294967249  |  check sqrt (4294967257) =      65535    4294836225 <= 4294967257 < 4294967296
# current: x 4294967248  |  check sqrt (4294967256) =      65535    4294836225 <= 4294967256 < 4294967296
# current: x 4294967247  |  check sqrt (4294967255) =      65535    4294836225 <= 4294967255 < 4294967296
# current: x 4294967246  |  check sqrt (4294967254) =      65535    4294836225 <= 4294967254 < 4294967296
# current: x 4294967245  |  check sqrt (4294967253) =      65535    4294836225 <= 4294967253 < 4294967296
# current: x 4294967244  |  check sqrt (4294967252) =      65535    4294836225 <= 4294967252 < 4294967296
# current: x 4294967243  |  check sqrt (4294967251) =      65535    4294836225 <= 4294967251 < 4294967296
# current: x 4294967242  |  check sqrt (4294967250) =      65535    4294836225 <= 4294967250 < 4294967296
# current: x 4294967241  |  check sqrt (4294967249) =      65535    4294836225 <= 4294967249 < 4294967296
# current: x 4294967240  |  check sqrt (4294967248) =      65535    4294836225 <= 4294967248 < 4294967296
# current: x 4294967239  |  check sqrt (4294967247) =      65535    4294836225 <= 4294967247 < 4294967296
# current: x 4294967238  |  check sqrt (4294967246) =      65535    4294836225 <= 4294967246 < 4294967296
# current: x 4294967237  |  check sqrt (4294967245) =      65535    4294836225 <= 4294967245 < 4294967296
# current: x 4294967236  |  check sqrt (4294967244) =      65535    4294836225 <= 4294967244 < 4294967296
# current: x 4294967235  |  check sqrt (4294967243) =      65535    4294836225 <= 4294967243 < 4294967296
# current: x 4294967234  |  check sqrt (4294967242) =      65535    4294836225 <= 4294967242 < 4294967296
# current: x 4294967233  |  check sqrt (4294967241) =      65535    4294836225 <= 4294967241 < 4294967296
# current: x 4294967232  |  check sqrt (4294967240) =      65535    4294836225 <= 4294967240 < 4294967296
# current: x 4294967231  |  check sqrt (4294967239) =      65535    4294836225 <= 4294967239 < 4294967296
# current: x 4294967230  |  check sqrt (4294967238) =      65535    4294836225 <= 4294967238 < 4294967296
# current: x 4294967229  |  check sqrt (4294967237) =      65535    4294836225 <= 4294967237 < 4294967296
# current: x 4294967228  |  check sqrt (4294967236) =      65535    4294836225 <= 4294967236 < 4294967296
# current: x 4294967227  |  check sqrt (4294967235) =      65535    4294836225 <= 4294967235 < 4294967296
# current: x 4294967226  |  check sqrt (4294967234) =      65535    4294836225 <= 4294967234 < 4294967296
# current: x 4294967225  |  check sqrt (4294967233) =      65535    4294836225 <= 4294967233 < 4294967296
# current: x 4294967224  |  check sqrt (4294967232) =      65535    4294836225 <= 4294967232 < 4294967296
# current: x 4294967223  |  check sqrt (4294967231) =      65535    4294836225 <= 4294967231 < 4294967296
# current: x 4294967222  |  check sqrt (4294967230) =      65535    4294836225 <= 4294967230 < 4294967296
# current: x 4294967221  |  check sqrt (4294967229) =      65535    4294836225 <= 4294967229 < 4294967296
# current: x 4294967220  |  check sqrt (4294967228) =      65535    4294836225 <= 4294967228 < 4294967296
# current: x 4294967219  |  check sqrt (4294967227) =      65535    4294836225 <= 4294967227 < 4294967296
# current: x 4294967218  |  check sqrt (4294967226) =      65535    4294836225 <= 4294967226 < 4294967296
# current: x 4294967217  |  check sqrt (4294967225) =      65535    4294836225 <= 4294967225 < 4294967296
# current: x 4294967216  |  check sqrt (4294967224) =      65535    4294836225 <= 4294967224 < 4294967296
# current: x 4294967215  |  check sqrt (4294967223) =      65535    4294836225 <= 4294967223 < 4294967296
# current: x 4294967214  |  check sqrt (4294967222) =      65535    4294836225 <= 4294967222 < 4294967296
# current: x 4294967213  |  check sqrt (4294967221) =      65535    4294836225 <= 4294967221 < 4294967296
# current: x 4294967212  |  check sqrt (4294967220) =      65535    4294836225 <= 4294967220 < 4294967296
# current: x 4294967211  |  check sqrt (4294967219) =      65535    4294836225 <= 4294967219 < 4294967296
# current: x 4294967210  |  check sqrt (4294967218) =      65535    4294836225 <= 4294967218 < 4294967296
# current: x 4294967209  |  check sqrt (4294967217) =      65535    4294836225 <= 4294967217 < 4294967296
# current: x 4294967208  |  check sqrt (4294967216) =      65535    4294836225 <= 4294967216 < 4294967296
# current: x 4294967207  |  check sqrt (4294967215) =      65535    4294836225 <= 4294967215 < 4294967296
# current: x 4294967206  |  check sqrt (4294967214) =      65535    4294836225 <= 4294967214 < 4294967296
# current: x 4294967205  |  check sqrt (4294967213) =      65535    4294836225 <= 4294967213 < 4294967296
# current: x 4294967204  |  check sqrt (4294967212) =      65535    4294836225 <= 4294967212 < 4294967296
# current: x 4294967203  |  check sqrt (4294967211) =      65535    4294836225 <= 4294967211 < 4294967296
# current: x 4294967202  |  check sqrt (4294967210) =      65535    4294836225 <= 4294967210 < 4294967296
# current: x 4294967201  |  check sqrt (4294967209) =      65535    4294836225 <= 4294967209 < 4294967296
# current: x 4294967200  |  check sqrt (4294967208) =      65535    4294836225 <= 4294967208 < 4294967296
# current: x 4294967199  |  check sqrt (4294967207) =      65535    4294836225 <= 4294967207 < 4294967296
# current: x 4294967198  |  check sqrt (4294967206) =      65535    4294836225 <= 4294967206 < 4294967296
# current: x 4294967197  |  check sqrt (4294967205) =      65535    4294836225 <= 4294967205 < 4294967296
# current: x 4294967196  |  check sqrt (4294967204) =      65535    4294836225 <= 4294967204 < 4294967296
# current: x 4294967195  |  check sqrt (4294967203) =      65535    4294836225 <= 4294967203 < 4294967296
# current: x 4294967194  |  check sqrt (4294967202) =      65535    4294836225 <= 4294967202 < 4294967296
# current: x 4294967193  |  check sqrt (4294967201) =      65535    4294836225 <= 4294967201 < 4294967296
# current: x 4294967192  |  check sqrt (4294967200) =      65535    4294836225 <= 4294967200 < 4294967296
# current: x 4294967191  |  check sqrt (4294967199) =      65535    4294836225 <= 4294967199 < 4294967296
# current: x 4294967190  |  check sqrt (4294967198) =      65535    4294836225 <= 4294967198 < 4294967296
# current: x 4294967189  |  check sqrt (4294967197) =      65535    4294836225 <= 4294967197 < 4294967296
# current: x 4294967188  |  check sqrt (4294967196) =      65535    4294836225 <= 4294967196 < 4294967296
# current: x 4294967187  |  check sqrt (4294967195) =      65535    4294836225 <= 4294967195 < 4294967296
# current: x 4294967186  |  check sqrt (4294967194) =      65535    4294836225 <= 4294967194 < 4294967296
# current: x 4294967185  |  check sqrt (4294967193) =      65535    4294836225 <= 4294967193 < 4294967296
# current: x 4294967184  |  check sqrt (4294967192) =      65535    4294836225 <= 4294967192 < 4294967296
# current: x 4294967183  |  check sqrt (4294967191) =      65535    4294836225 <= 4294967191 < 4294967296
# current: x 4294967182  |  check sqrt (4294967190) =      65535    4294836225 <= 4294967190 < 4294967296
# current: x 4294967181  |  check sqrt (4294967189) =      65535    4294836225 <= 4294967189 < 4294967296
# current: x 4294967180  |  check sqrt (4294967188) =      65535    4294836225 <= 4294967188 < 4294967296
# current: x 4294967179  |  check sqrt (4294967187) =      65535    4294836225 <= 4294967187 < 4294967296
# current: x 4294967178  |  check sqrt (4294967186) =      65535    4294836225 <= 4294967186 < 4294967296
# current: x 4294967177  |  check sqrt (4294967185) =      65535    4294836225 <= 4294967185 < 4294967296
# current: x 4294967176  |  check sqrt (4294967184) =      65535    4294836225 <= 4294967184 < 4294967296
# current: x 4294967175  |  check sqrt (4294967183) =      65535    4294836225 <= 4294967183 < 4294967296
# current: x 4294967174  |  check sqrt (4294967182) =      65535    4294836225 <= 4294967182 < 4294967296
# current: x 4294967173  |  check sqrt (4294967181) =      65535    4294836225 <= 4294967181 < 4294967296
# current: x 4294967172  |  check sqrt (4294967180) =      65535    4294836225 <= 4294967180 < 4294967296
# current: x 4294967171  |  check sqrt (4294967179) =      65535    4294836225 <= 4294967179 < 4294967296
# current: x 4294967170  |  check sqrt (4294967178) =      65535    4294836225 <= 4294967178 < 4294967296
# current: x 4294967169  |  check sqrt (4294967177) =      65535    4294836225 <= 4294967177 < 4294967296
# current: x 4294967168  |  check sqrt (4294967176) =      65535    4294836225 <= 4294967176 < 4294967296
# current: x 4294967167  |  check sqrt (4294967175) =      65535    4294836225 <= 4294967175 < 4294967296
# current: x 4294967166  |  check sqrt (4294967174) =      65535    4294836225 <= 4294967174 < 4294967296
# current: x 4294967165  |  check sqrt (4294967173) =      65535    4294836225 <= 4294967173 < 4294967296
# current: x 4294967164  |  check sqrt (4294967172) =      65535    4294836225 <= 4294967172 < 4294967296
# current: x 4294967163  |  check sqrt (4294967171) =      65535    4294836225 <= 4294967171 < 4294967296
# current: x 4294967162  |  check sqrt (4294967170) =      65535    4294836225 <= 4294967170 < 4294967296
# current: x 4294967161  |  check sqrt (4294967169) =      65535    4294836225 <= 4294967169 < 4294967296
# current: x 4294967160  |  check sqrt (4294967168) =      65535    4294836225 <= 4294967168 < 4294967296
# current: x 4294967159  |  check sqrt (4294967167) =      65535    4294836225 <= 4294967167 < 4294967296
# current: x 4294967158  |  check sqrt (4294967166) =      65535    4294836225 <= 4294967166 < 4294967296
# current: x 4294967157  |  check sqrt (4294967165) =      65535    4294836225 <= 4294967165 < 4294967296
# current: x 4294967156  |  check sqrt (4294967164) =      65535    4294836225 <= 4294967164 < 4294967296
# current: x 4294967155  |  check sqrt (4294967163) =      65535    4294836225 <= 4294967163 < 4294967296
# current: x 4294967154  |  check sqrt (4294967162) =      65535    4294836225 <= 4294967162 < 4294967296
# current: x 4294967153  |  check sqrt (4294967161) =      65535    4294836225 <= 4294967161 < 4294967296
# current: x 4294967152  |  check sqrt (4294967160) =      65535    4294836225 <= 4294967160 < 4294967296
# current: x 4294967151  |  check sqrt (4294967159) =      65535    4294836225 <= 4294967159 < 4294967296
# current: x 4294967150  |  check sqrt (4294967158) =      65535    4294836225 <= 4294967158 < 4294967296
# current: x 4294967149  |  check sqrt (4294967157) =      65535    4294836225 <= 4294967157 < 4294967296
# current: x 4294967148  |  check sqrt (4294967156) =      65535    4294836225 <= 4294967156 < 4294967296
# current: x 4294967147  |  check sqrt (4294967155) =      65535    4294836225 <= 4294967155 < 4294967296
# current: x 4294967146  |  check sqrt (4294967154) =      65535    4294836225 <= 4294967154 < 4294967296
# current: x 4294967145  |  check sqrt (4294967153) =      65535    4294836225 <= 4294967153 < 4294967296
# current: x 4294967144  |  check sqrt (4294967152) =      65535    4294836225 <= 4294967152 < 4294967296
# current: x 4294967143  |  check sqrt (4294967151) =      65535    4294836225 <= 4294967151 < 4294967296
# current: x 4294967142  |  check sqrt (4294967150) =      65535    4294836225 <= 4294967150 < 4294967296
# current: x 4294967141  |  check sqrt (4294967149) =      65535    4294836225 <= 4294967149 < 4294967296
# current: x 4294967140  |  check sqrt (4294967148) =      65535    4294836225 <= 4294967148 < 4294967296
# current: x 4294967139  |  check sqrt (4294967147) =      65535    4294836225 <= 4294967147 < 4294967296
# current: x 4294967138  |  check sqrt (4294967146) =      65535    4294836225 <= 4294967146 < 4294967296
# current: x 4294967137  |  check sqrt (4294967145) =      65535    4294836225 <= 4294967145 < 4294967296
# current: x 4294967136  |  check sqrt (4294967144) =      65535    4294836225 <= 4294967144 < 4294967296
# current: x 4294967135  |  check sqrt (4294967143) =      65535    4294836225 <= 4294967143 < 4294967296
# current: x 4294967134  |  check sqrt (4294967142) =      65535    4294836225 <= 4294967142 < 4294967296
# current: x 4294967133  |  check sqrt (4294967141) =      65535    4294836225 <= 4294967141 < 4294967296
# current: x 4294967132  |  check sqrt (4294967140) =      65535    4294836225 <= 4294967140 < 4294967296
# current: x 4294967131  |  check sqrt (4294967139) =      65535    4294836225 <= 4294967139 < 4294967296
# current: x 4294967130  |  check sqrt (4294967138) =      65535    4294836225 <= 4294967138 < 4294967296
# current: x 4294967129  |  check sqrt (4294967137) =      65535    4294836225 <= 4294967137 < 4294967296
# current: x 4294967128  |  check sqrt (4294967136) =      65535    4294836225 <= 4294967136 < 4294967296
# current: x 4294967127  |  check sqrt (4294967135) =      65535    4294836225 <= 4294967135 < 4294967296
# current: x 4294967126  |  check sqrt (4294967134) =      65535    4294836225 <= 4294967134 < 4294967296
# current: x 4294967125  |  check sqrt (4294967133) =      65535    4294836225 <= 4294967133 < 4294967296
# current: x 4294967124  |  check sqrt (4294967132) =      65535    4294836225 <= 4294967132 < 4294967296
# current: x 4294967123  |  check sqrt (4294967131) =      65535    4294836225 <= 4294967131 < 4294967296
# current: x 4294967122  |  check sqrt (4294967130) =      65535    4294836225 <= 4294967130 < 4294967296
# current: x 4294967121  |  check sqrt (4294967129) =      65535    4294836225 <= 4294967129 < 4294967296
# current: x 4294967120  |  check sqrt (4294967128) =      65535    4294836225 <= 4294967128 < 4294967296
# current: x 4294967119  |  check sqrt (4294967127) =      65535    4294836225 <= 4294967127 < 4294967296
# current: x 4294967118  |  check sqrt (4294967126) =      65535    4294836225 <= 4294967126 < 4294967296
# current: x 4294967117  |  check sqrt (4294967125) =      65535    4294836225 <= 4294967125 < 4294967296
# current: x 4294967116  |  check sqrt (4294967124) =      65535    4294836225 <= 4294967124 < 4294967296
# current: x 4294967115  |  check sqrt (4294967123) =      65535    4294836225 <= 4294967123 < 4294967296
# current: x 4294967114  |  check sqrt (4294967122) =      65535    4294836225 <= 4294967122 < 4294967296
# current: x 4294967113  |  check sqrt (4294967121) =      65535    4294836225 <= 4294967121 < 4294967296
# current: x 4294967112  |  check sqrt (4294967120) =      65535    4294836225 <= 4294967120 < 4294967296
# current: x 4294967111  |  check sqrt (4294967119) =      65535    4294836225 <= 4294967119 < 4294967296
# current: x 4294967110  |  check sqrt (4294967118) =      65535    4294836225 <= 4294967118 < 4294967296
# current: x 4294967109  |  check sqrt (4294967117) =      65535    4294836225 <= 4294967117 < 4294967296
# current: x 4294967108  |  check sqrt (4294967116) =      65535    4294836225 <= 4294967116 < 4294967296
# current: x 4294967107  |  check sqrt (4294967115) =      65535    4294836225 <= 4294967115 < 4294967296
# current: x 4294967106  |  check sqrt (4294967114) =      65535    4294836225 <= 4294967114 < 4294967296
# current: x 4294967105  |  check sqrt (4294967113) =      65535    4294836225 <= 4294967113 < 4294967296
# current: x 4294967104  |  check sqrt (4294967112) =      65535    4294836225 <= 4294967112 < 4294967296
# current: x 4294967103  |  check sqrt (4294967111) =      65535    4294836225 <= 4294967111 < 4294967296
# current: x 4294967102  |  check sqrt (4294967110) =      65535    4294836225 <= 4294967110 < 4294967296
# current: x 4294967101  |  check sqrt (4294967109) =      65535    4294836225 <= 4294967109 < 4294967296
# current: x 4294967100  |  check sqrt (4294967108) =      65535    4294836225 <= 4294967108 < 4294967296
# current: x 4294967099  |  check sqrt (4294967107) =      65535    4294836225 <= 4294967107 < 4294967296
# current: x 4294967098  |  check sqrt (4294967106) =      65535    4294836225 <= 4294967106 < 4294967296
# current: x 4294967097  |  check sqrt (4294967105) =      65535    4294836225 <= 4294967105 < 4294967296
# current: x 4294967096  |  check sqrt (4294967104) =      65535    4294836225 <= 4294967104 < 4294967296
# current: x 4294967095  |  check sqrt (4294967103) =      65535    4294836225 <= 4294967103 < 4294967296
# current: x 4294967094  |  check sqrt (4294967102) =      65535    4294836225 <= 4294967102 < 4294967296
# current: x 4294967093  |  check sqrt (4294967101) =      65535    4294836225 <= 4294967101 < 4294967296
# current: x 4294967092  |  check sqrt (4294967100) =      65535    4294836225 <= 4294967100 < 4294967296
# current: x 4294967091  |  check sqrt (4294967099) =      65535    4294836225 <= 4294967099 < 4294967296
# current: x 4294967090  |  check sqrt (4294967098) =      65535    4294836225 <= 4294967098 < 4294967296
# current: x 4294967089  |  check sqrt (4294967097) =      65535    4294836225 <= 4294967097 < 4294967296
# current: x 4294967088  |  check sqrt (4294967096) =      65535    4294836225 <= 4294967096 < 4294967296
# current: x 4294967087  |  check sqrt (4294967095) =      65535    4294836225 <= 4294967095 < 4294967296
# current: x 4294967086  |  check sqrt (4294967094) =      65535    4294836225 <= 4294967094 < 4294967296
# current: x 4294967085  |  check sqrt (4294967093) =      65535    4294836225 <= 4294967093 < 4294967296
# current: x 4294967084  |  check sqrt (4294967092) =      65535    4294836225 <= 4294967092 < 4294967296
# current: x 4294967083  |  check sqrt (4294967091) =      65535    4294836225 <= 4294967091 < 4294967296
# current: x 4294967082  |  check sqrt (4294967090) =      65535    4294836225 <= 4294967090 < 4294967296
# current: x 4294967081  |  check sqrt (4294967089) =      65535    4294836225 <= 4294967089 < 4294967296
# current: x 4294967080  |  check sqrt (4294967088) =      65535    4294836225 <= 4294967088 < 4294967296
# current: x 4294967079  |  check sqrt (4294967087) =      65535    4294836225 <= 4294967087 < 4294967296
# current: x 4294967078  |  check sqrt (4294967086) =      65535    4294836225 <= 4294967086 < 4294967296
# current: x 4294967077  |  check sqrt (4294967085) =      65535    4294836225 <= 4294967085 < 4294967296
# current: x 4294967076  |  check sqrt (4294967084) =      65535    4294836225 <= 4294967084 < 4294967296
# current: x 4294967075  |  check sqrt (4294967083) =      65535    4294836225 <= 4294967083 < 4294967296
# current: x 4294967074  |  check sqrt (4294967082) =      65535    4294836225 <= 4294967082 < 4294967296
# current: x 4294967073  |  check sqrt (4294967081) =      65535    4294836225 <= 4294967081 < 4294967296
# current: x 4294967072  |  check sqrt (4294967080) =      65535    4294836225 <= 4294967080 < 4294967296
# current: x 4294967071  |  check sqrt (4294967079) =      65535    4294836225 <= 4294967079 < 4294967296
# current: x 4294967070  |  check sqrt (4294967078) =      65535    4294836225 <= 4294967078 < 4294967296
# current: x 4294967069  |  check sqrt (4294967077) =      65535    4294836225 <= 4294967077 < 4294967296
# current: x 4294967068  |  check sqrt (4294967076) =      65535    4294836225 <= 4294967076 < 4294967296
# current: x 4294967067  |  check sqrt (4294967075) =      65535    4294836225 <= 4294967075 < 4294967296
# current: x 4294967066  |  check sqrt (4294967074) =      65535    4294836225 <= 4294967074 < 4294967296
# current: x 4294967065  |  check sqrt (4294967073) =      65535    4294836225 <= 4294967073 < 4294967296
# current: x 4294967064  |  check sqrt (4294967072) =      65535    4294836225 <= 4294967072 < 4294967296
# current: x 4294967063  |  check sqrt (4294967071) =      65535    4294836225 <= 4294967071 < 4294967296
# current: x 4294967062  |  check sqrt (4294967070) =      65535    4294836225 <= 4294967070 < 4294967296
# current: x 4294967061  |  check sqrt (4294967069) =      65535    4294836225 <= 4294967069 < 4294967296
# current: x 4294967060  |  check sqrt (4294967068) =      65535    4294836225 <= 4294967068 < 4294967296
# current: x 4294967059  |  check sqrt (4294967067) =      65535    4294836225 <= 4294967067 < 4294967296
# current: x 4294967058  |  check sqrt (4294967066) =      65535    4294836225 <= 4294967066 < 4294967296
# current: x 4294967057  |  check sqrt (4294967065) =      65535    4294836225 <= 4294967065 < 4294967296
# current: x 4294967056  |  check sqrt (4294967064) =      65535    4294836225 <= 4294967064 < 4294967296
# current: x 4294967055  |  check sqrt (4294967063) =      65535    4294836225 <= 4294967063 < 4294967296
# current: x 4294967054  |  check sqrt (4294967062) =      65535    4294836225 <= 4294967062 < 4294967296
# current: x 4294967053  |  check sqrt (4294967061) =      65535    4294836225 <= 4294967061 < 4294967296
# current: x 4294967052  |  check sqrt (4294967060) =      65535    4294836225 <= 4294967060 < 4294967296
# current: x 4294967051  |  check sqrt (4294967059) =      65535    4294836225 <= 4294967059 < 4294967296
# current: x 4294967050  |  check sqrt (4294967058) =      65535    4294836225 <= 4294967058 < 4294967296
# current: x 4294967049  |  check sqrt (4294967057) =      65535    4294836225 <= 4294967057 < 4294967296
# current: x 4294967048  |  check sqrt (4294967056) =      65535    4294836225 <= 4294967056 < 4294967296
# current: x 4294967047  |  check sqrt (4294967055) =      65535    4294836225 <= 4294967055 < 4294967296
# current: x 4294967046  |  check sqrt (4294967054) =      65535    4294836225 <= 4294967054 < 4294967296
# current: x 4294967045  |  check sqrt (4294967053) =      65535    4294836225 <= 4294967053 < 4294967296
# current: x 4294967044  |  check sqrt (4294967052) =      65535    4294836225 <= 4294967052 < 4294967296
# current: x 4294967043  |  check sqrt (4294967051) =      65535    4294836225 <= 4294967051 < 4294967296
# current: x 4294967042  |  check sqrt (4294967050) =      65535    4294836225 <= 4294967050 < 4294967296
# current: x 4294967041  |  check sqrt (4294967049) =      65535    4294836225 <= 4294967049 < 4294967296
# current: x 4294967040  |  check sqrt (4294967048) =      65535    4294836225 <= 4294967048 < 4294967296
# current: x  303379748  |  check sqrt (4294967047) =      65535    4294836225 <= 4294967047 < 4294967296
# current: x 3230228097  |  check sqrt (4294967046) =      65535    4294836225 <= 4294967046 < 4294967296
# current: x 2223298057  |  check sqrt (4294967045) =      65535    4294836225 <= 4294967045 < 4294967296
# current: x 2985317987  |  check sqrt (4294967044) =      65535    4294836225 <= 4294967044 < 4294967296
# current: x  112818957  |  check sqrt (4294967043) =      65535    4294836225 <= 4294967043 < 4294967296
# current: x 1189058957  |  check sqrt (4294967042) =      65535    4294836225 <= 4294967042 < 4294967296
# current: x 2999092325  |  check sqrt (4294967041) =      65535    4294836225 <= 4294967041 < 4294967296
# current: x 2302104082  |  check sqrt (4294967040) =      65535    4294836225 <= 4294967040 < 4294967296
# current: x   15983361  |  check sqrt ( 303379748) =      17417     303351889 <=  303379748 <  303386724
# current: x  114806029  |  check sqrt (3230228097) =      56835    3230217225 <= 3230228097 < 3230330896
# current: x  992211318  |  check sqrt (2223298057) =      47151    2223216801 <= 2223298057 < 2223311104
# current: x  512609597  |  check sqrt (2985317987) =      54638    2985311044 <= 2985317987 < 2985420321
# current: x 1993627629  |  check sqrt ( 112818957) =      10621     112805641 <=  112818957 <  112826884
# current: x 1177417612  |  check sqrt (1189058957) =      34482    1189008324 <= 1189058957 < 1189077289
# current: x 2097015289  |  check sqrt (2999092325) =      54763    2998986169 <= 2999092325 < 2999095696
# current: x 3812041926  |  check sqrt (2302104082) =      47980    2302080400 <= 2302104082 < 2302176361
# current: x 3807872197  |  check sqrt (  15983361) =       3997      15976009 <=   15983361 <   15984004
# current: x 3574846122  |  check sqrt ( 114806029) =      10714     114789796 <=  114806029 <  114811225
# current: x 1924134885  |  check sqrt ( 992211318) =      31499     992187001 <=  992211318 <  992250000
# current: x 3151131255  |  check sqrt ( 512609597) =      22640     512569600 <=  512609597 <  512614881
# current: x 2301810194  |  check sqrt (1993627629) =      44650    1993622500 <= 1993627629 < 1993711801
# current: x 1206705039  |  check sqrt (1177417612) =      34313    1177381969 <= 1177417612 < 1177450596
# current: x 2033215986  |  check sqrt (2097015289) =      45793    2096998849 <= 2097015289 < 2097090436
# current: x 3883308750  |  check sqrt (3812041926) =      61741    3811951081 <= 3812041926 < 3812074564
# current: x 4093672168  |  check sqrt (3807872197) =      61707    3807753849 <= 3807872197 < 3807877264
# current: x 3804909253  |  check sqrt (3574846122) =      59790    3574844100 <= 3574846122 < 3574963681
# current: x  777537884  |  check sqrt (1924134885) =      43864    1924050496 <= 1924134885 < 1924138225
# current: x 3733858493  |  check sqrt (3151131255) =      56134    3151025956 <= 3151131255 < 3151138225
# current: x 2527811629  |  check sqrt (2301810194) =      47977    2301792529 <= 2301810194 < 2301888484
# current: x 2997298789  |  check sqrt (1206705039) =      34737    1206659169 <= 1206705039 < 1206728644
# current: x 2985255523  |  check sqrt (2033215986) =      45091    2033198281 <= 2033215986 < 2033288464
# current: x   91457290  |  check sqrt (3883308750) =      62316    3883283856 <= 3883308750 < 3883408489
# current: x 3225100928  |  check sqrt (4093672168) =      63981    4093568361 <= 4093672168 < 4093696324
# current: x  274997536  |  check sqrt (3804909253) =      61683    3804792489 <= 3804909253 < 3804915856
# current: x 1433945514  |  check sqrt ( 777537884) =      27884     777517456 <=  777537884 <  777573225
# current: x 3469528221  |  check sqrt (3733858493) =      61105    3733821025 <= 3733858493 < 3733943236
# current: x 3407888022  |  check sqrt (2527811629) =      50277    2527776729 <= 2527811629 < 2527877284
# current: x 2307110931  |  check sqrt (2997298789) =      54747    2997234009 <= 2997298789 < 2997343504
# current: x 2260482061  |  check sqrt (2985255523) =      54637    2985201769 <= 2985255523 < 2985311044
# current: x 2846348883  |  check sqrt (  91457290) =       9563      91450969 <=   91457290 <   91470096
# current: x  899669355  |  check sqrt (3225100928) =      56789    3224990521 <= 3225100928 < 3225104100
# current: x 3936758485  |  check sqrt ( 274997536) =      16583     274995889 <=  274997536 <  275029056
# current: x 2165787138  |  check sqrt (1433945514) =      37867    1433909689 <= 1433945514 < 1433985424
# current: x 3612753582  |  check sqrt (3469528221) =      58902    3469445604 <= 3469528221 < 3469563409
# current: x  251652381  |  check sqrt (3407888022) =      58377    3407874129 <= 3407888022 < 3407990884
# current: x 3888476879  |  check sqrt (2307110931) =      48032    2307073024 <= 2307110931 < 2307169089
# current: x  293882147  |  check sqrt (2260482061) =      47544    2260431936 <= 2260482061 < 2260527025
# current: x   84501770  |  check sqrt (2846348883) =      53351    2846329201 <= 2846348883 < 2846435904
# current: x 3849521866  |  check sqrt ( 899669355) =      29994     899640036 <=  899669355 <  899700025
# current: x 2654030908  |  check sqrt (3936758485) =      62743    3936684049 <= 3936758485 < 3936809536
# current: x 2036907506  |  check sqrt (2165787138) =      46538    2165785444 <= 2165787138 < 2165878521
# current: x 1160667530  |  check sqrt (3612753582) =      60106    3612731236 <= 3612753582 < 3612851449
# current: x  549761857  |  check sqrt ( 251652381) =      15863     251634769 <=  251652381 <  251666496
# current: x 3964351704  |  check sqrt (3888476879) =      62357    3888395449 <= 3888476879 < 3888520164
# current: x 1008792440  |  check sqrt ( 293882147) =      17142     293848164 <=  293882147 <  293882449
# current: x 3297383049  |  check sqrt (  84501770) =       9192      84492864 <=   84501770 <   84511249
# current: x 1975848427  |  check sqrt (3849521866) =      62044    3849457936 <= 3849521866 < 3849582025
# current: x 1526883766  |  check sqrt (2654030908) =      51517    2654001289 <= 2654030908 < 2654104324
# current: x 1665923526  |  check sqrt (2036907506) =      45132    2036897424 <= 2036907506 < 2036987689
# current: x 1460999086  |  check sqrt (1160667530) =      34068    1160628624 <= 1160667530 < 1160696761
# current: x 3732210364  |  check sqrt ( 549761857) =      23447     549761809 <=  549761857 <  549808704
# current: x  353361194  |  check sqrt (3964351704) =      62963    3964339369 <= 3964351704 < 3964465296
# current: x 2245499403  |  check sqrt (1008792440) =      31761    1008761121 <= 1008792440 < 1008824644
# current: x 3096952433  |  check sqrt (3297383049) =      57422    3297286084 <= 3297383049 < 3297400929
# current: x 1123172741  |  check sqrt (1975848427) =      44450    1975802500 <= 1975848427 < 1975891401
# current: x  670192975  |  check sqrt (1526883766) =      39075    1526855625 <= 1526883766 < 1526933776
# current: x 2647416891  |  check sqrt (1665923526) =      40815    1665864225 <= 1665923526 < 1665945856
# current: x  486945594  |  check sqrt (1460999086) =      38223    1460997729 <= 1460999086 < 1461074176
# current: x 3206754942  |  check sqrt (3732210364) =      61091    3732110281 <= 3732210364 < 3732232464
# current: x  178932501  |  check sqrt ( 353361194) =      18797     353327209 <=  353361194 <  353364804
# current: x 2027527153  |  check sqrt (2245499403) =      47386    2245432996 <= 2245499403 < 2245527769
# current: x 1822182361  |  check sqrt (3096952433) =      55650    3096922500 <= 3096952433 < 3097033801
# current: x  824379234  |  check sqrt (1123172741) =      33513    1123121169 <= 1123172741 < 1123188196
# current: x  641071948  |  check sqrt ( 670192975) =      25888     670188544 <=  670192975 <  670240321
# current: x 1335973279  |  check sqrt (2647416891) =      51453    2647411209 <= 2647416891 < 2647514116
# current: x 1203347855  |  check sqrt ( 486945594) =      22066     486908356 <=  486945594 <  486952489
# current: x 2087561720  |  check sqrt (3206754942) =      56628    3206730384 <= 3206754942 < 3206843641
# current: x 3687669943  |  check sqrt ( 178932501) =      13376     178917376 <=  178932501 <  178944129
# current: x 3485750943  |  check sqrt (2027527153) =      45028    2027520784 <= 2027527153 < 2027610841
# current: x 2927465564  |  check sqrt (1822182361) =      42687    1822179969 <= 1822182361 < 1822265344
# current: x 2915811419  |  check sqrt ( 824379234) =      28712     824378944 <=  824379234 <  824436369
# current: x 1155413897  |  check sqrt ( 641071948) =      25319     641051761 <=  641071948 <  641102400
# current: x 2762879561  |  check sqrt (1335973279) =      36550    1335902500 <= 1335973279 < 1335975601
# current: x 3894623952  |  check sqrt (1203347855) =      34689    1203326721 <= 1203347855 < 1203396100
# current: x 3959341271  |  check sqrt (2087561720) =      45689    2087484721 <= 2087561720 < 2087576100
# current: x 2831678545  |  check sqrt (3687669943) =      60726    3687647076 <= 3687669943 < 3687768529
# current: x 1260466070  |  check sqrt (3485750943) =      59040    3485721600 <= 3485750943 < 3485839681
# current: x  102596364  |  check sqrt (2927465564) =      54106    2927459236 <= 2927465564 < 2927567449
# current: x 3777810114  |  check sqrt (2915811419) =      53998    2915784004 <= 2915811419 < 2915892001
# current: x 1683484104  |  check sqrt (1155413897) =      33991    1155388081 <= 1155413897 < 1155456064
# current: x 3145882231  |  check sqrt (2762879561) =      52563    2762868969 <= 2762879561 < 2762974096
# current: x  519236925  |  check sqrt (3894623952) =      62406    3894508836 <= 3894623952 < 3894633649
# current: x  151837458  |  check sqrt (3959341271) =      62923    3959303929 <= 3959341271 < 3959429776
# current: x 3204776062  |  check sqrt (2831678545) =      53213    2831623369 <= 2831678545 < 2831729796
# current: x  921010541  |  check sqrt (1260466070) =      35503    1260463009 <= 1260466070 < 1260534016
# current: x  484042553  |  check sqrt ( 102596364) =      10128     102576384 <=  102596364 <  102596641
# current: x  265457439  |  check sqrt (3777810114) =      61463    3777700369 <= 3777810114 < 3777823296
# current: x 3924555475  |  check sqrt (1683484104) =      41030    1683460900 <= 1683484104 < 1683542961
# current: x 1121529733  |  check sqrt (3145882231) =      56088    3145863744 <= 3145882231 < 3145975921
# current: x 3155462264  |  check sqrt ( 519236925) =      22786     519201796 <=  519236925 <  519247369
# current: x  769284443  |  check sqrt ( 151837458) =      12322     151831684 <=  151837458 <  151856329
# current: x  613108553  |  check sqrt (3204776062) =      56610    3204692100 <= 3204776062 < 3204805321
# current: x 2683481663  |  check sqrt ( 921010541) =      30348     921001104 <=  921010541 <  921061801
# current: x  353152810  |  check sqrt ( 484042553) =      22000     484000000 <=  484042553 <  484044001
# current: x  739599192  |  check sqrt ( 265457439) =      16292     265429264 <=  265457439 <  265461849
# current: x 3275700358  |  check sqrt (3924555475) =      62646    3924521316 <= 3924555475 < 3924646609
# current: x 3340373134  |  check sqrt (1121529733) =      33489    1121513121 <= 1121529733 < 1121580100
# current: x 3459248796  |  check sqrt (3155462264) =      56173    3155405929 <= 3155462264 < 3155518276
# current: x 2100664826  |  check sqrt ( 769284443) =      27735     769230225 <=  769284443 <  769285696
# current: x 2474490918  |  check sqrt ( 613108553) =      24761     613107121 <=  613108553 <  613156644
# current: x  966137715  |  check sqrt (2683481663) =      51802    2683447204 <= 2683481663 < 2683550809
# current: x 3515593891  |  check sqrt ( 353152810) =      18792     353139264 <=  353152810 <  353176849
# current: x 2543429679  |  check sqrt ( 739599192) =      27195     739568025 <=  739599192 <  739622416
# current: x 3654455987  |  check sqrt (3275700358) =      57233    3275616289 <= 3275700358 < 3275730756
# current: x 2950190687  |  check sqrt (3340373134) =      57795    3340262025 <= 3340373134 < 3340377616
# current: x  573115716  |  check sqrt (3459248796) =      58815    3459204225 <= 3459248796 < 3459321856
# current: x 2079915511  |  check sqrt (2100664826) =      45833    2100663889 <= 2100664826 < 2100755556
# current: x 3852154571  |  check sqrt (2474490918) =      49744    2474465536 <= 2474490918 < 2474565025
# current: x 4077460198  |  check sqrt ( 966137715) =      31082     966090724 <=  966137715 <  966152889
# current: x  757652314  |  check sqrt (3515593891) =      59292    3515541264 <= 3515593891 < 3515659849
# current: x  349159721  |  check sqrt (2543429679) =      50432    2543386624 <= 2543429679 < 2543487489
# current: x 4135772909  |  check sqrt (3654455987) =      60452    3654444304 <= 3654455987 < 3654565209
# current: x 3981667546  |  check sqrt (2950190687) =      54315    2950119225 <= 2950190687 < 2950227856
# current: x 2996811365  |  check sqrt ( 573115716) =      23939     573075721 <=  573115716 <  573123600
# current: x 3666535093  |  check sqrt (2079915511) =      45606    2079907236 <= 2079915511 < 2079998449
# current: x 4022244575  |  check sqrt (3852154571) =      62065    3852064225 <= 3852154571 < 3852188356
# current: x 1022433657  |  check sqrt (4077460198) =      63854    4077333316 <= 4077460198 < 4077461025
# current: x  573701956  |  check sqrt ( 757652314) =      27525     757625625 <=  757652314 <  757680676
# current: x 3899919568  |  check sqrt ( 349159721) =      18685     349129225 <=  349159721 <  349166596
# current: x  352914218  |  check sqrt (4135772909) =      64309    4135647481 <= 4135772909 < 4135776100
# current: x 1442229675  |  check sqrt (3981667546) =      63100    3981610000 <= 3981667546 < 3981736201
# current: x  124768014  |  check sqrt (2996811365) =      54743    2996796049 <= 2996811365 < 2996905536
# current: x 1851633116  |  check sqrt (3666535093) =      60551    3666423601 <= 3666535093 < 3666544704
# current: x 3445537946  |  check sqrt (4022244575) =      63421    4022223241 <= 4022244575 < 4022350084
# current: x 4276056829  |  check sqrt (1022433657) =      31975    1022400625 <= 1022433657 < 1022464576
# current: x 3790668483  |  check sqrt ( 573701956) =      23952     573698304 <=  573701956 <  573746209
# current: x  722398550  |  check sqrt (3899919568) =      62449    3899877601 <= 3899919568 < 3900002500
# current: x  662301006  |  check sqrt ( 352914218) =      18786     352913796 <=  352914218 <  352951369
# current: x 3017373287  |  check sqrt (1442229675) =      37976    1442176576 <= 1442229675 < 1442252529
# current: x 2234594314  |  check sqrt ( 124768014) =      11169     124746561 <=  124768014 <  124768900
# current: x 1534048694  |  check sqrt (1851633116) =      43030    1851580900 <= 1851633116 < 1851666961
# current: x 2618198584  |  check sqrt (3445537946) =      58698    3445455204 <= 3445537946 < 3445572601
# current: x 1020364665  |  check sqrt (4276056829) =      65391    4275982881 <= 4276056829 < 4276113664
# current: x 3693855928  |  check sqrt (3790668483) =      61568    3790618624 <= 3790668483 < 3790741761
# current: x 1249165204  |  check sqrt ( 722398550) =      26877     722373129 <=  722398550 <  722426884
# current: x 1237736851  |  check sqrt ( 662301006) =      25735     662290225 <=  662301006 <  662341696
# current: x 2185178116  |  check sqrt (3017373287) =      54930    3017304900 <= 3017373287 < 3017414761
# current: x 2897726041  |  check sqrt (2234594314) =      47271    2234547441 <= 2234594314 < 2234641984
# current: x 1842047451  |  check sqrt (1534048694) =      39166    1533975556 <= 1534048694 < 1534053889
# current: x 2801589837  |  check sqrt (2618198584) =      51168    2618164224 <= 2618198584 < 2618266561
# current: x 1823520729  |  check sqrt (1020364665) =      31943    1020355249 <= 1020364665 < 1020419136
# current: x 3064211053  |  check sqrt (3693855928) =      60777    3693843729 <= 3693855928 < 3693965284
# current: x 3141919350  |  check sqrt (1249165204) =      35343    1249127649 <= 1249165204 < 1249198336
# current: x 1698384330  |  check sqrt (1237736851) =      35181    1237702761 <= 1237736851 < 1237773124
# current: x 1528245686  |  check sqrt (2185178116) =      46745    2185095025 <= 2185178116 < 2185188516
# current: x 1251176853  |  check sqrt (2897726041) =      53830    2897668900 <= 2897726041 < 2897776561
# current: x 2735151686  |  check sqrt (1842047451) =      42919    1842040561 <= 1842047451 < 1842126400
# current: x   41196292  |  check sqrt (2801589837) =      52930    2801584900 <= 2801589837 < 2801690761
# current: x 2077385207  |  check sqrt (1823520729) =      42702    1823460804 <= 1823520729 < 1823546209
# current: x  882378601  |  check sqrt (3064211053) =      55355    3064176025 <= 3064211053 < 3064286736
# current: x 3664689844  |  check sqrt (3141919350) =      56052    3141826704 <= 3141919350 < 3141938809
# current: x 1140952456  |  check sqrt (1698384330) =      41211    1698346521 <= 1698384330 < 1698428944
# current: x  343726376  |  check sqrt (1528245686) =      39092    1528184464 <= 1528245686 < 1528262649
# current: x 2526020653  |  check sqrt (1251176853) =      35371    1251107641 <= 1251176853 < 1251178384
# current: x 3821351111  |  check sqrt (2735151686) =      52298    2735080804 <= 2735151686 < 2735185401
# current: x 2539428910  |  check sqrt (  41196292) =       6418      41190724 <=   41196292 <   41203561
# current: x 2222449672  |  check sqrt (2077385207) =      45578    2077354084 <= 2077385207 < 2077445241
# current: x  239158556  |  check sqrt ( 882378601) =      29704     882327616 <=  882378601 <  882387025
# current: x 4272400125  |  check sqrt (3664689844) =      60536    3664607296 <= 3664689844 < 3664728369
# current: x  345900841  |  check sqrt (1140952456) =      33777    1140885729 <= 1140952456 < 1140953284
# current: x 2386006044  |  check sqrt ( 343726376) =      18539     343694521 <=  343726376 <  343731600
# current: x 1127573382  |  check sqrt (2526020653) =      50259    2525967081 <= 2526020653 < 2526067600
# current: x 3979610330  |  check sqrt (3821351111) =      61817    3821341489 <= 3821351111 < 3821465124
# current: x 2662843965  |  check sqrt (2539428910) =      50392    2539353664 <= 2539428910 < 2539454449
# current: x  860792678  |  check sqrt (2222449672) =      47142    2222368164 <= 2222449672 < 2222462449
# current: x 3092628592  |  check sqrt ( 239158556) =      15464     239135296 <=  239158556 <  239166225
# current: x 3119842419  |  check sqrt (4272400125) =      65363    4272321769 <= 4272400125 < 4272452496
# current: x 1567726010  |  check sqrt ( 345900841) =      18598     345885604 <=  345900841 <  345922801
# current: x  792376158  |  check sqrt (2386006044) =      48846    2385931716 <= 2386006044 < 2386029409
# current: x 2101836282  |  check sqrt (1127573382) =      33579    1127549241 <= 1127573382 < 1127616400
# current: x 1787692501  |  check sqrt (3979610330) =      63084    3979591056 <= 3979610330 < 3979717225
# current: x 2368009754  |  check sqrt (2662843965) =      51602    2662766404 <= 2662843965 < 2662869609
# current: x 3706716345  |  check sqrt ( 860792678) =      29339     860776921 <=  860792678 <  860835600
# current: x  461857079  |  check sqrt (3092628592) =      55611    3092583321 <= 3092628592 < 3092694544
# current: x 1260861334  |  check sqrt (3119842419) =      55855    3119781025 <= 3119842419 < 3119892736
# current: x 1614356928  |  check sqrt (1567726010) =      39594    1567684836 <= 1567726010 < 1567764025
# current: x  321232678  |  check sqrt ( 792376158) =      28149     792366201 <=  792376158 <  792422500
# current: x 3678804662  |  check sqrt (2101836282) =      45845    2101764025 <= 2101836282 < 2101855716
# current: x 1050248061  |  check sqrt (1787692501) =      42281    1787682961 <= 1787692501 < 1787767524
# current: x 1851723740  |  check sqrt (2368009754) =      48662    2367990244 <= 2368009754 < 2368087569
# current: x 1130452870  |  check sqrt (3706716345) =      60882    3706617924 <= 3706716345 < 3706739689
# current: x 1006894968  |  check sqrt ( 461857079) =      21490     461820100 <=  461857079 <  461863081
# current: x 1062902654  |  check sqrt (1260861334) =      35508    1260818064 <= 1260861334 < 1260889081
# current: x 3985473755  |  check sqrt (1614356928) =      40179    1614352041 <= 1614356928 < 1614432400
# current: x 3888363215  |  check sqrt ( 321232678) =      17922     321198084 <=  321232678 <  321233929
# current: x 1022176121  |  check sqrt (3678804662) =      60653    3678786409 <= 3678804662 < 3678907716
# current: x 4247315706  |  check sqrt (1050248061) =      32407    1050213649 <= 1050248061 < 1050278464
# current: x 2965171809  |  check sqrt (1851723740) =      43031    1851666961 <= 1851723740 < 1851753024
# current: x  194251031  |  check sqrt (1130452870) =      33622    1130438884 <= 1130452870 < 1130506129
# current: x 3505748129  |  check sqrt (1006894968) =      31731    1006856361 <= 1006894968 < 1006919824
# current: x 1131909510  |  check sqrt (1062902654) =      32602    1062890404 <= 1062902654 < 1062955609
# current: x 2825098832  |  check sqrt (3985473755) =      63130    3985396900 <= 3985473755 < 3985523161
# current: x 2056018421  |  check sqrt (3888363215) =      62356    3888270736 <= 3888363215 < 3888395449
# current: x 2595522613  |  check sqrt (1022176121) =      31971    1022144841 <= 1022176121 < 1022208784
# current: x 2493155881  |  check sqrt (4247315706) =      65171    4247259241 <= 4247315706 < 4247389584
# current: x 1622242753  |  check sqrt (2965171809) =      54453    2965129209 <= 2965171809 < 2965238116
# current: x 3806688453  |  check sqrt ( 194251031) =      13937     194239969 <=  194251031 <  194267844
# current: x 3422663832  |  check sqrt (3505748129) =      59209    3505705681 <= 3505748129 < 3505824100
# current: x  632453963  |  check sqrt (1131909510) =      33643    1131851449 <= 1131909510 < 1131918736
# current: x 3112977011  |  check sqrt (2825098832) =      53151    2825028801 <= 2825098832 < 2825135104
# current: x 4129482476  |  check sqrt (2056018421) =      45343    2055987649 <= 2056018421 < 2056078336
# current: x 3310360202  |  check sqrt (2595522613) =      50946    2595494916 <= 2595522613 < 2595596809
# current: x  660132174  |  check sqrt (2493155881) =      49931    2493104761 <= 2493155881 < 2493204624
# current: x 3561717928  |  check sqrt (1622242753) =      40277    1622236729 <= 1622242753 < 1622317284
# current: x 1419705769  |  check sqrt (3806688453) =      61698    3806643204 <= 3806688453 < 3806766601
# current: x 3502935201  |  check sqrt (3422663832) =      58503    3422601009 <= 3422663832 < 3422718016
# current: x  118208782  |  check sqrt ( 632453963) =      25148     632421904 <=  632453963 <  632472201
# current: x 4080297702  |  check sqrt (3112977011) =      55794    3112970436 <= 3112977011 < 3113082025
# current: x 3486957727  |  check sqrt (4129482476) =      64261    4129476121 <= 4129482476 < 4129604644
# current: x  355448106  |  check sqrt (3310360202) =      57535    3310276225 <= 3310360202 < 3310391296
# current: x  358227242  |  check sqrt ( 660132174) =      25693     660130249 <=  660132174 <  660181636
# current: x 3333813389  |  check sqrt (3561717928) =      59680    3561702400 <= 3561717928 < 3561821761
# current: x 1333133214  |  check sqrt (1419705769) =      37678    1419631684 <= 1419705769 < 1419707041
# current: x 2624448056  |  check sqrt (3502935201) =      59185    3502864225 <= 3502935201 < 3502982596
# current: x 3167725689  |  check sqrt ( 118208782) =      10872     118200384 <=  118208782 <  118222129
# current: x 1684333512  |  check sqrt (4080297702) =      63877    4080271129 <= 4080297702 < 4080398884
# current: x 1696810442  |  check sqrt (3486957727) =      59050    3486902500 <= 3486957727 < 3487020601
# current: x  167723283  |  check sqrt ( 355448106) =      18853     355435609 <=  355448106 <  355473316
# current: x  899729771  |  check sqrt ( 358227242) =      18926     358193476 <=  358227242 <  358231329
# current: x 3820465863  |  check sqrt (3333813389) =      57739    3333792121 <= 3333813389 < 3333907600
# current: x 1527504310  |  check sqrt (1333133214) =      36512    1333126144 <= 1333133214 < 1333199169
# current: x 1560649146  |  check sqrt (2624448056) =      51229    2624410441 <= 2624448056 < 2624512900
# current: x 1645652932  |  check sqrt (3167725689) =      56282    3167663524 <= 3167725689 < 3167776089
# current: x 1552061881  |  check sqrt (1684333512) =      41040    1684281600 <= 1684333512 < 1684363681
# current: x 1227871122  |  check sqrt (1696810442) =      41192    1696780864 <= 1696810442 < 1696863249
# current: x 3659963060  |  check sqrt ( 167723283) =      12950     167702500 <=  167723283 <  167728401
# current: x 1069235071  |  check sqrt ( 899729771) =      29995     899700025 <=  899729771 <  899760016
# current: x 3274936454  |  check sqrt (3820465863) =      61809    3820352481 <= 3820465863 < 3820476100
# current: x 2104358394  |  check sqrt (1527504310) =      39083    1527480889 <= 1527504310 < 1527559056
# current: x 4180120818  |  check sqrt (1560649146) =      39505    1560645025 <= 1560649146 < 1560724036
# current: x  423960882  |  check sqrt (1645652932) =      40566    1645600356 <= 1645652932 < 1645681489
# current: x 3738066621  |  check sqrt (1552061881) =      39396    1552044816 <= 1552061881 < 1552123609
# current: x 1112526212  |  check sqrt (1227871122) =      35040    1227801600 <= 1227871122 < 1227871681
# current: x 4064912612  |  check sqrt (3659963060) =      60497    3659887009 <= 3659963060 < 3660008004
# current: x 1698942922  |  check sqrt (1069235071) =      32699    1069224601 <= 1069235071 < 1069290000
# current: x 1420327337  |  check sqrt (3274936454) =      57227    3274929529 <= 3274936454 < 3275043984
# current: x 3499468961  |  check sqrt (2104358394) =      45873    2104332129 <= 2104358394 < 2104423876
# current: x 1197844878  |  check sqrt (4180120818) =      64653    4180010409 <= 4180120818 < 4180139716
# current: x 4253772539  |  check sqrt ( 423960882) =      20590     423948100 <=  423960882 <  423989281
# current: x 2246385163  |  check sqrt (3738066621) =      61139    3737977321 <= 3738066621 < 3738099600
# current: x 4152529135  |  check sqrt (1112526212) =      33354    1112489316 <= 1112526212 < 1112556025
# current: x 1690844617  |  check sqrt (4064912612) =      63756    4064827536 <= 4064912612 < 4064955049
# current: x  459334966  |  check sqrt (1698942922) =      41218    1698923524 <= 1698942922 < 1699005961
# current: x 3132180597  |  check sqrt (1420327337) =      37687    1420309969 <= 1420327337 < 1420385344
# current: x 3353892495  |  check sqrt (3499468961) =      59156    3499432336 <= 3499468961 < 3499550649
# current: x  902676331  |  check sqrt (1197844878) =      34609    1197782881 <= 1197844878 < 1197852100
# ** Note: $finish    : ../testbench.v(95)
#    Time: 78900 ps  Iteration: 1  Instance: /testbench
